15:41:57.736 [main] INFO  - Navigated to Procto Home Page
15:41:57.902 [main] INFO  - Cleared Location Search bar
15:41:58.072 [main] INFO  - Window handled to open window
15:42:02.868 [main] INFO  - Required Location selected: Jaipur
15:42:03.216 [main] ERROR - Error selecting city: stale element reference: stale element not found
  (Session info: chrome=120.0.6099.130)
For documentation on this error, please visit: https://www.selenium.dev/documentation/webdriver/troubleshooting/errors#stale-element-reference-exception
Build info: version: '4.15.0', revision: '1d14b5521b'
System info: os.name: 'Windows 11', os.arch: 'amd64', os.version: '10.0', java.version: '17.0.2'
Driver info: org.openqa.selenium.chrome.ChromeDriver
Command: [d920d78ec3b748adab5acb96c3401665, clickElement {id=79F7AE23C600F248A16FBFC7D1763E5C_element_48}]
Capabilities {acceptInsecureCerts: false, browserName: chrome, browserVersion: 120.0.6099.130, chrome: {chromedriverVersion: 120.0.6099.109 (3419140ab66..., userDataDir: C:\Windows\SystemTemp\scope...}, fedcm:accounts: true, goog:chromeOptions: {debuggerAddress: localhost:49761}, networkConnectionEnabled: false, pageLoadStrategy: normal, platformName: windows, proxy: Proxy(), se:cdp: ws://localhost:49761/devtoo..., se:cdpVersion: 120.0.6099.130, setWindowRect: true, strictFileInteractability: false, timeouts: {implicit: 0, pageLoad: 300000, script: 30000}, unhandledPromptBehavior: dismiss and notify, webauthn:extension:credBlob: true, webauthn:extension:largeBlob: true, webauthn:extension:minPinLength: true, webauthn:extension:prf: true, webauthn:virtualAuthenticators: true}
Element: [[ChromeDriver: chrome on windows (d920d78ec3b748adab5acb96c3401665)] -> xpath: //div[@class='c-omni-suggestion-group']/div/div]
Session ID: d920d78ec3b748adab5acb96c3401665
15:42:03.227 [main] INFO  - Required Specialist got selected
15:42:19.376 [main] INFO  - Clicked on Experience
15:42:37.157 [main] INFO  - Navigated to the surgery list package by clicking on the surgeries link
15:42:38.167 [main] INFO  - Storing all surgeries in a list
15:42:38.862 [main] INFO  - Navigating to the health and wealth Page
15:42:44.363 [main] INFO  - Valid name provided: UOMAN
15:42:47.565 [main] INFO  - Valid organization name provided: RPXTG
15:42:47.673 [main] INFO  - Valid phone number provided: 6299480302
15:42:47.793 [main] INFO  - Invalid EmailId provided: FIXbs033@.com
15:42:47.927 [main] INFO  - Reqired Organization got selected
15:42:48.194 [main] INFO  - User selected interested criteria
15:42:48.437 [main] INFO  - Schedule button is diabled
15:42:48.472 [main] INFO  - valid EmailId provided: abhYg471@gmail.com
15:42:48.685 [main] INFO  - Validated Schedule button is able
15:45:33.572 [main] INFO  - **********************Navigated to Procto Home Page******************
15:45:33.733 [main] INFO  - Cleared Location Search bar
15:45:33.847 [main] INFO  - Window handled to open new window
15:45:36.274 [main] INFO  - Required Location selected: Hyderabad
15:45:36.645 [main] ERROR - Error selecting city: stale element reference: stale element not found
  (Session info: chrome=120.0.6099.130)
For documentation on this error, please visit: https://www.selenium.dev/documentation/webdriver/troubleshooting/errors#stale-element-reference-exception
Build info: version: '4.15.0', revision: '1d14b5521b'
System info: os.name: 'Windows 11', os.arch: 'amd64', os.version: '10.0', java.version: '17.0.2'
Driver info: org.openqa.selenium.chrome.ChromeDriver
Command: [ccd2f4b97d6d7375d94f0ea5eda67ffd, clickElement {id=A70FA23A98BAF19716E11AABD1AB845B_element_48}]
Capabilities {acceptInsecureCerts: false, browserName: chrome, browserVersion: 120.0.6099.130, chrome: {chromedriverVersion: 120.0.6099.109 (3419140ab66..., userDataDir: C:\Windows\SystemTemp\scope...}, fedcm:accounts: true, goog:chromeOptions: {debuggerAddress: localhost:50037}, networkConnectionEnabled: false, pageLoadStrategy: normal, platformName: windows, proxy: Proxy(), se:cdp: ws://localhost:50037/devtoo..., se:cdpVersion: 120.0.6099.130, setWindowRect: true, strictFileInteractability: false, timeouts: {implicit: 0, pageLoad: 300000, script: 30000}, unhandledPromptBehavior: dismiss and notify, webauthn:extension:credBlob: true, webauthn:extension:largeBlob: true, webauthn:extension:minPinLength: true, webauthn:extension:prf: true, webauthn:virtualAuthenticators: true}
Element: [[ChromeDriver: chrome on windows (ccd2f4b97d6d7375d94f0ea5eda67ffd)] -> xpath: //div[@class='c-omni-suggestion-group']/div/div]
Session ID: ccd2f4b97d6d7375d94f0ea5eda67ffd
15:45:36.654 [main] INFO  - Required Specialist got selected
15:45:42.688 [main] ERROR - Error selecting doctors: Index 5 out of bounds for length 3
15:45:52.768 [main] INFO  - Clicked on Experience
15:46:09.815 [main] INFO  - *************Navigated to the surgery list package by clicking on the surgeries link***********
15:46:10.736 [main] INFO  - Storing all surgeries in a list
15:46:11.467 [main] INFO  - ^^^^^^^^^^Navigating to the health and wealth Page^^^^^^^^^^^^^
15:46:29.735 [main] INFO  - **********************Navigated to Procto Home Page******************
15:46:29.901 [main] INFO  - Cleared Location Search bar
15:46:30.030 [main] INFO  - Window handled to open new window
15:46:32.378 [main] INFO  - Required Location selected: Jaipur
15:46:32.640 [main] INFO  - Required Specialist got selected
15:46:40.448 [main] INFO  - Clicked on Experience
15:46:40.580 [main] INFO  - Required Experice for specialist got selected
15:46:40.760 [main] INFO  - All Filters got selected
15:46:40.906 [main] INFO  - Required Fee got selected
15:46:41.533 [main] INFO  - Availability time of Specialist got selected
15:46:41.678 [main] INFO  - Clicked on SortBy
15:46:41.790 [main] INFO  - Required SortBy got selected
15:46:43.886 [main] INFO  - Availability of Doctors list Displayed
15:46:50.813 [main] INFO  - *************Navigated to the surgery list package by clicking on the surgeries link***********
15:46:51.609 [main] INFO  - Storing all surgeries in a list
15:46:52.293 [main] INFO  - ^^^^^^^^^^Navigating to the health and wealth Page^^^^^^^^^^^^^
15:46:58.862 [main] INFO  - Valid name provided: VGMRF
15:47:02.045 [main] INFO  - Valid organization name provided: XWIKU
15:47:02.139 [main] INFO  - Valid phone number provided: 8002288636
15:47:02.236 [main] INFO  - Invalid EmailId provided: TnxpA975@.com
15:47:02.338 [main] INFO  - Reqired Organization got selected
15:47:02.490 [main] INFO  - User selected interested criteria
15:47:02.634 [main] INFO  - Schedule button is diabled
15:47:02.655 [main] INFO  - valid EmailId provided: IOyrz438@gmail.com
15:47:02.805 [main] INFO  - Validated Schedule button is able
15:53:30.890 [main] INFO  - **********************Navigated to Procto Home Page******************
15:53:30.997 [main] INFO  - Cleared Location Search bar
15:53:31.057 [main] INFO  - Window handled to open new window
15:53:42.966 [main] INFO  - *************Navigated to the surgery list package by clicking on the surgeries link***********
15:53:43.881 [main] INFO  - Storing all surgeries in a list
15:53:44.589 [main] INFO  - ^^^^^^^^^^Navigating to the health and wealth Page^^^^^^^^^^^^^
15:53:50.672 [main] INFO  - Valid name provided: XCYIZ
15:53:53.837 [main] INFO  - Valid organization name provided: UVHTQ
15:53:53.947 [main] INFO  - Valid phone number provided: 7226184272
15:53:54.044 [main] INFO  - Invalid EmailId provided: kiFfY047@.com
15:53:54.166 [main] INFO  - Reqired Organization got selected
15:53:54.438 [main] INFO  - User selected interested criteria
15:53:54.627 [main] INFO  - Schedule button is diabled
15:53:54.654 [main] INFO  - valid EmailId provided: kQHfx166@gmail.com
15:53:54.825 [main] INFO  - Validated Schedule button is able
15:58:30.897 [main] INFO  - **********************Navigated to Procto Home Page******************
15:58:31.334 [main] INFO  - Cleared Location Search bar
15:58:31.605 [main] INFO  - Window handled to open new window
15:58:33.900 [main] INFO  - Required Location selected: Surat
15:58:34.259 [main] ERROR - Error selecting city: stale element reference: stale element not found
  (Session info: chrome=120.0.6099.130)
For documentation on this error, please visit: https://www.selenium.dev/documentation/webdriver/troubleshooting/errors#stale-element-reference-exception
Build info: version: '4.15.0', revision: '1d14b5521b'
System info: os.name: 'Windows 11', os.arch: 'amd64', os.version: '10.0', java.version: '17.0.2'
Driver info: org.openqa.selenium.chrome.ChromeDriver
Command: [1eec69173f03311ee10c897418d8c668, clickElement {id=131978BCE5E61F4399D0A5C5A70D78AF_element_48}]
Capabilities {acceptInsecureCerts: false, browserName: chrome, browserVersion: 120.0.6099.130, chrome: {chromedriverVersion: 120.0.6099.109 (3419140ab66..., userDataDir: C:\Windows\SystemTemp\scope...}, fedcm:accounts: true, goog:chromeOptions: {debuggerAddress: localhost:50949}, networkConnectionEnabled: false, pageLoadStrategy: normal, platformName: windows, proxy: Proxy(), se:cdp: ws://localhost:50949/devtoo..., se:cdpVersion: 120.0.6099.130, setWindowRect: true, strictFileInteractability: false, timeouts: {implicit: 0, pageLoad: 300000, script: 30000}, unhandledPromptBehavior: dismiss and notify, webauthn:extension:credBlob: true, webauthn:extension:largeBlob: true, webauthn:extension:minPinLength: true, webauthn:extension:prf: true, webauthn:virtualAuthenticators: true}
Element: [[ChromeDriver: chrome on windows (1eec69173f03311ee10c897418d8c668)] -> xpath: //div[@class='c-omni-suggestion-group']/div/div]
Session ID: 1eec69173f03311ee10c897418d8c668
15:58:34.452 [main] INFO  - Required Specialist got selected
15:58:51.028 [main] INFO  - Clicked on Experience
15:59:09.174 [main] INFO  - *************Navigated to the surgery list package by clicking on the surgeries link***********
15:59:10.543 [main] INFO  - Storing all surgeries in a list
15:59:11.351 [main] INFO  - ^^^^^^^^^^Navigating to the health and wealth Page^^^^^^^^^^^^^
15:59:15.292 [main] INFO  - **********************Navigated to Procto Home Page******************
15:59:15.621 [main] INFO  - Cleared Location Search bar
15:59:15.908 [main] INFO  - Window handled to open new window
15:59:18.317 [main] INFO  - Required Location selected: Delhi
15:59:19.018 [main] INFO  - Required Specialist got selected
15:59:26.881 [main] INFO  - Clicked on Experience
15:59:27.024 [main] INFO  - Required Experice for specialist got selected
15:59:27.815 [main] INFO  - All Filters got selected
15:59:28.092 [main] INFO  - Required Fee got selected
15:59:28.362 [main] INFO  - Availability time of Specialist got selected
15:59:30.236 [main] ERROR - Error selecting availability: stale element reference: stale element not found
  (Session info: chrome=120.0.6099.130)
For documentation on this error, please visit: https://www.selenium.dev/documentation/webdriver/troubleshooting/errors#stale-element-reference-exception
Build info: version: '4.15.0', revision: '1d14b5521b'
System info: os.name: 'Windows 11', os.arch: 'amd64', os.version: '10.0', java.version: '17.0.2'
Driver info: org.openqa.selenium.chrome.ChromeDriver
Command: [d7c15dbd341a97a316eb444595b58c5b, clickElement {id=9020FF756E4FA5B25AE06344414408BF_element_103}]
Capabilities {acceptInsecureCerts: false, browserName: chrome, browserVersion: 120.0.6099.130, chrome: {chromedriverVersion: 120.0.6099.109 (3419140ab66..., userDataDir: C:\Windows\SystemTemp\scope...}, fedcm:accounts: true, goog:chromeOptions: {debuggerAddress: localhost:51083}, networkConnectionEnabled: false, pageLoadStrategy: normal, platformName: windows, proxy: Proxy(), se:cdp: ws://localhost:51083/devtoo..., se:cdpVersion: 120.0.6099.130, setWindowRect: true, strictFileInteractability: false, timeouts: {implicit: 0, pageLoad: 300000, script: 30000}, unhandledPromptBehavior: dismiss and notify, webauthn:extension:credBlob: true, webauthn:extension:largeBlob: true, webauthn:extension:minPinLength: true, webauthn:extension:prf: true, webauthn:virtualAuthenticators: true}
Element: [[ChromeDriver: chrome on windows (d7c15dbd341a97a316eb444595b58c5b)] -> xpath: //div[@class='pure-u-4-24'][2]/div/label]
Session ID: d7c15dbd341a97a316eb444595b58c5b
15:59:30.432 [main] INFO  - Clicked on SortBy
15:59:30.550 [main] INFO  - Required SortBy got selected
15:59:32.590 [main] INFO  - Availability of Doctors list Displayed
15:59:39.411 [main] INFO  - *************Navigated to the surgery list package by clicking on the surgeries link***********
15:59:40.538 [main] INFO  - Storing all surgeries in a list
15:59:41.219 [main] INFO  - ^^^^^^^^^^Navigating to the health and wealth Page^^^^^^^^^^^^^
15:59:47.416 [main] INFO  - Valid name provided: PPBUZ
15:59:50.806 [main] INFO  - Valid organization name provided: SBOZK
15:59:51.127 [main] INFO  - Valid phone number provided: 9130873209
15:59:51.470 [main] INFO  - Invalid EmailId provided: aTDFv704@.com
15:59:51.771 [main] INFO  - Reqired Organization got selected
15:59:52.188 [main] INFO  - User selected interested criteria
15:59:52.586 [main] INFO  - Schedule button is diabled
15:59:52.850 [main] INFO  - valid EmailId provided: sEaHv968@gmail.com
15:59:53.243 [main] INFO  - Validated Schedule button is able
16:13:51.202 [main] INFO  - **********************Navigated to Procto Home Page******************
16:13:51.510 [main] INFO  - Cleared Location Search bar
16:13:51.695 [main] INFO  - Window handled to open new window
16:14:03.566 [main] INFO  - *************Navigated to the surgery list package by clicking on the surgeries link***********
16:14:04.696 [main] INFO  - Storing all surgeries in a list
16:14:05.150 [main] INFO  - ^^^^^^^^^^Navigating to the health and wealth Page^^^^^^^^^^^^^
16:14:10.939 [main] INFO  - Valid name provided: ZWHLF
16:14:14.330 [main] INFO  - Valid organization name provided: LPSIP
16:14:14.711 [main] INFO  - Valid phone number provided: 8941227214
16:14:15.025 [main] INFO  - Invalid EmailId provided: zzJPD456@.com
16:14:15.315 [main] INFO  - Reqired Organization got selected
16:14:15.689 [main] INFO  - User selected interested criteria
16:14:16.113 [main] INFO  - Schedule button is diabled
16:14:16.410 [main] INFO  - valid EmailId provided: yoaZc598@gmail.com
16:14:16.805 [main] INFO  - Validated Schedule button is able
16:20:46.115 [main] INFO  - **********************Navigated to Procto Home Page******************
16:20:46.607 [main] INFO  - Cleared Location Search bar
16:20:46.923 [main] INFO  - Window handled to open new window
16:20:49.394 [main] INFO  - Required Location selected: Jaipur
16:20:49.791 [main] ERROR - Error selecting city: stale element reference: stale element not found
  (Session info: chrome=120.0.6099.130)
For documentation on this error, please visit: https://www.selenium.dev/documentation/webdriver/troubleshooting/errors#stale-element-reference-exception
Build info: version: '4.15.0', revision: '1d14b5521b'
System info: os.name: 'Windows 11', os.arch: 'amd64', os.version: '10.0', java.version: '17.0.2'
Driver info: org.openqa.selenium.chrome.ChromeDriver
Command: [816184eab2d1338f77101ebd9410cb88, clickElement {id=852A48E3F6BF47752D2C96EEBA5C0C72_element_48}]
Capabilities {acceptInsecureCerts: false, browserName: chrome, browserVersion: 120.0.6099.130, chrome: {chromedriverVersion: 120.0.6099.109 (3419140ab66..., userDataDir: C:\Windows\SystemTemp\scope...}, fedcm:accounts: true, goog:chromeOptions: {debuggerAddress: localhost:52216}, networkConnectionEnabled: false, pageLoadStrategy: normal, platformName: windows, proxy: Proxy(), se:cdp: ws://localhost:52216/devtoo..., se:cdpVersion: 120.0.6099.130, setWindowRect: true, strictFileInteractability: false, timeouts: {implicit: 0, pageLoad: 300000, script: 30000}, unhandledPromptBehavior: dismiss and notify, webauthn:extension:credBlob: true, webauthn:extension:largeBlob: true, webauthn:extension:minPinLength: true, webauthn:extension:prf: true, webauthn:virtualAuthenticators: true}
Element: [[ChromeDriver: chrome on windows (816184eab2d1338f77101ebd9410cb88)] -> xpath: //div[@class='c-omni-suggestion-group']/div/div]
Session ID: 816184eab2d1338f77101ebd9410cb88
16:20:50.033 [main] INFO  - Required Specialist got selected
16:21:06.709 [main] INFO  - Clicked on Experience
16:21:48.630 [main] INFO  - **********************Navigated to Procto Home Page******************
16:21:48.971 [main] INFO  - Cleared Location Search bar
16:21:49.160 [main] INFO  - Window handled to open new window
16:21:51.740 [main] INFO  - Required Location selected: Pune
16:21:52.334 [main] INFO  - Required Specialist got selected
16:22:00.600 [main] INFO  - Clicked on Experience
16:22:00.779 [main] INFO  - Required Experice for specialist got selected
16:22:01.137 [main] INFO  - All Filters got selected
16:22:01.484 [main] INFO  - Required Fee got selected
16:22:01.762 [main] INFO  - Availability time of Specialist got selected
16:22:04.424 [main] ERROR - Error selecting availability: stale element reference: stale element not found
  (Session info: chrome=120.0.6099.130)
For documentation on this error, please visit: https://www.selenium.dev/documentation/webdriver/troubleshooting/errors#stale-element-reference-exception
Build info: version: '4.15.0', revision: '1d14b5521b'
System info: os.name: 'Windows 11', os.arch: 'amd64', os.version: '10.0', java.version: '17.0.2'
Driver info: org.openqa.selenium.chrome.ChromeDriver
Command: [e09633f8bca1b4daf2ab7d5c30719283, clickElement {id=F4007C6ACB3D0999FF3E57156C121C2B_element_97}]
Capabilities {acceptInsecureCerts: false, browserName: chrome, browserVersion: 120.0.6099.130, chrome: {chromedriverVersion: 120.0.6099.109 (3419140ab66..., userDataDir: C:\Windows\SystemTemp\scope...}, fedcm:accounts: true, goog:chromeOptions: {debuggerAddress: localhost:52346}, networkConnectionEnabled: false, pageLoadStrategy: normal, platformName: windows, proxy: Proxy(), se:cdp: ws://localhost:52346/devtoo..., se:cdpVersion: 120.0.6099.130, setWindowRect: true, strictFileInteractability: false, timeouts: {implicit: 0, pageLoad: 300000, script: 30000}, unhandledPromptBehavior: dismiss and notify, webauthn:extension:credBlob: true, webauthn:extension:largeBlob: true, webauthn:extension:minPinLength: true, webauthn:extension:prf: true, webauthn:virtualAuthenticators: true}
Element: [[ChromeDriver: chrome on windows (e09633f8bca1b4daf2ab7d5c30719283)] -> xpath: //div[@class='pure-u-4-24'][2]/div/label]
Session ID: e09633f8bca1b4daf2ab7d5c30719283
16:22:04.620 [main] INFO  - Clicked on SortBy
16:22:04.754 [main] INFO  - Required SortBy got selected
16:22:06.875 [main] INFO  - Availability of Doctors list Displayed
16:22:14.584 [main] INFO  - *************Navigated to the surgery list package by clicking on the surgeries link***********
16:22:16.128 [main] INFO  - Storing all surgeries in a list
16:22:16.902 [main] INFO  - ^^^^^^^^^^Navigating to the health and wealth Page^^^^^^^^^^^^^
16:22:23.740 [main] INFO  - Valid name provided: UCBFJ
16:22:27.170 [main] INFO  - Valid organization name provided: JAQUF
16:22:27.474 [main] INFO  - Valid phone number provided: 9235161173
16:22:27.807 [main] INFO  - Invalid EmailId provided: aThUu072@.com
16:22:28.184 [main] INFO  - Reqired Organization got selected
16:22:28.681 [main] INFO  - User selected interested criteria
16:22:29.234 [main] INFO  - Schedule button is diabled
16:23:08.585 [main] INFO  - **********************Navigated to Procto Home Page******************
16:23:09.091 [main] INFO  - Cleared Location Search bar
16:23:09.338 [main] INFO  - Window handled to open new window
16:23:11.662 [main] INFO  - Required Location selected: Kolkata
16:23:12.100 [main] INFO  - Required Specialist got selected
16:23:20.099 [main] INFO  - Clicked on Experience
16:23:20.283 [main] INFO  - Required Experice for specialist got selected
16:23:20.680 [main] INFO  - All Filters got selected
16:23:21.047 [main] INFO  - Required Fee got selected
16:23:21.333 [main] INFO  - Availability time of Specialist got selected
16:23:21.753 [main] INFO  - Clicked on SortBy
16:23:21.871 [main] INFO  - Required SortBy got selected
16:23:23.289 [main] ERROR - Error selecting sorting option: stale element reference: stale element not found
  (Session info: chrome=120.0.6099.130)
For documentation on this error, please visit: https://www.selenium.dev/documentation/webdriver/troubleshooting/errors#stale-element-reference-exception
Build info: version: '4.15.0', revision: '1d14b5521b'
System info: os.name: 'Windows 11', os.arch: 'amd64', os.version: '10.0', java.version: '17.0.2'
Driver info: org.openqa.selenium.chrome.ChromeDriver
Command: [cb2b6045a27f8b47a099dfa40ccb7cad, isElementDisplayed {id=662B05B9DB42BF741358921C336FE56C_element_119}]
Capabilities {acceptInsecureCerts: false, browserName: chrome, browserVersion: 120.0.6099.130, chrome: {chromedriverVersion: 120.0.6099.109 (3419140ab66..., userDataDir: C:\Windows\SystemTemp\scope...}, fedcm:accounts: true, goog:chromeOptions: {debuggerAddress: localhost:52547}, networkConnectionEnabled: false, pageLoadStrategy: normal, platformName: windows, proxy: Proxy(), se:cdp: ws://localhost:52547/devtoo..., se:cdpVersion: 120.0.6099.130, setWindowRect: true, strictFileInteractability: false, timeouts: {implicit: 0, pageLoad: 300000, script: 30000}, unhandledPromptBehavior: dismiss and notify, webauthn:extension:credBlob: true, webauthn:extension:largeBlob: true, webauthn:extension:minPinLength: true, webauthn:extension:prf: true, webauthn:virtualAuthenticators: true}
Element: [[ChromeDriver: chrome on windows (cb2b6045a27f8b47a099dfa40ccb7cad)] -> xpath: //ul[@data-qa-id='sort_by_list']/li]
Session ID: cb2b6045a27f8b47a099dfa40ccb7cad
16:23:23.505 [main] INFO  - Availability of Doctors list Displayed
16:23:31.046 [main] INFO  - *************Navigated to the surgery list package by clicking on the surgeries link***********
16:23:32.435 [main] INFO  - Storing all surgeries in a list
16:23:33.113 [main] INFO  - ^^^^^^^^^^Navigating to the health and wealth Page^^^^^^^^^^^^^
16:23:39.022 [main] INFO  - Valid name provided: SYERF
16:23:42.458 [main] INFO  - Valid organization name provided: HRFSE
16:23:42.855 [main] INFO  - Valid phone number provided: 8318699777
16:23:43.221 [main] INFO  - Invalid EmailId provided: Dzfiu884@.com
16:23:43.581 [main] INFO  - Reqired Organization got selected
16:23:44.106 [main] INFO  - User selected interested criteria
16:23:44.487 [main] INFO  - Schedule button is diabled
16:36:05.252 [main] INFO  - **********************Navigated to Procto Home Page******************
16:36:05.892 [main] INFO  - Cleared Location Search bar
16:36:06.186 [main] INFO  - Window handled to open new window
16:36:08.457 [main] INFO  - Required Location selected: Pune
16:36:08.811 [main] ERROR - Error selecting city: stale element reference: stale element not found
  (Session info: chrome=120.0.6099.130)
For documentation on this error, please visit: https://www.selenium.dev/documentation/webdriver/troubleshooting/errors#stale-element-reference-exception
Build info: version: '4.15.0', revision: '1d14b5521b'
System info: os.name: 'Windows 11', os.arch: 'amd64', os.version: '10.0', java.version: '17.0.2'
Driver info: org.openqa.selenium.chrome.ChromeDriver
Command: [ad3b8af2ab15606fd1595564dfcf343e, clickElement {id=61F76A0159B6A508BBB20776519D3CEC_element_48}]
Capabilities {acceptInsecureCerts: false, browserName: chrome, browserVersion: 120.0.6099.130, chrome: {chromedriverVersion: 120.0.6099.109 (3419140ab66..., userDataDir: C:\Windows\SystemTemp\scope...}, fedcm:accounts: true, goog:chromeOptions: {debuggerAddress: localhost:53154}, networkConnectionEnabled: false, pageLoadStrategy: normal, platformName: windows, proxy: Proxy(), se:cdp: ws://localhost:53154/devtoo..., se:cdpVersion: 120.0.6099.130, setWindowRect: true, strictFileInteractability: false, timeouts: {implicit: 0, pageLoad: 300000, script: 30000}, unhandledPromptBehavior: dismiss and notify, webauthn:extension:credBlob: true, webauthn:extension:largeBlob: true, webauthn:extension:minPinLength: true, webauthn:extension:prf: true, webauthn:virtualAuthenticators: true}
Element: [[ChromeDriver: chrome on windows (ad3b8af2ab15606fd1595564dfcf343e)] -> xpath: //div[@class='c-omni-suggestion-group']/div/div]
Session ID: ad3b8af2ab15606fd1595564dfcf343e
16:36:09.010 [main] INFO  - Required Specialist got selected
16:36:25.519 [main] INFO  - Clicked on Experience
16:37:04.588 [main] INFO  - **********************Navigated to Procto Home Page******************
16:37:05.058 [main] INFO  - Cleared Location Search bar
16:37:05.422 [main] INFO  - Window handled to open new window
16:37:07.788 [main] INFO  - Required Location selected: Ahmedabad
16:37:08.305 [main] INFO  - Required Specialist got selected
16:37:16.669 [main] INFO  - Clicked on Experience
16:37:16.821 [main] INFO  - Required Experice for specialist got selected
16:37:17.238 [main] INFO  - All Filters got selected
16:37:17.575 [main] INFO  - Required Fee got selected
16:37:17.888 [main] INFO  - Availability time of Specialist got selected
16:37:18.339 [main] INFO  - Clicked on SortBy
16:37:18.464 [main] INFO  - Required SortBy got selected
16:37:19.848 [main] ERROR - Error selecting sorting option: stale element reference: stale element not found
  (Session info: chrome=120.0.6099.130)
For documentation on this error, please visit: https://www.selenium.dev/documentation/webdriver/troubleshooting/errors#stale-element-reference-exception
Build info: version: '4.15.0', revision: '1d14b5521b'
System info: os.name: 'Windows 11', os.arch: 'amd64', os.version: '10.0', java.version: '17.0.2'
Driver info: org.openqa.selenium.chrome.ChromeDriver
Command: [fe2fb9caa250c7a5e13ea5d636b75045, isElementDisplayed {id=72D7140A7B09CC11E1F873639E77C427_element_106}]
Capabilities {acceptInsecureCerts: false, browserName: chrome, browserVersion: 120.0.6099.130, chrome: {chromedriverVersion: 120.0.6099.109 (3419140ab66..., userDataDir: C:\Windows\SystemTemp\scope...}, fedcm:accounts: true, goog:chromeOptions: {debuggerAddress: localhost:53305}, networkConnectionEnabled: false, pageLoadStrategy: normal, platformName: windows, proxy: Proxy(), se:cdp: ws://localhost:53305/devtoo..., se:cdpVersion: 120.0.6099.130, setWindowRect: true, strictFileInteractability: false, timeouts: {implicit: 0, pageLoad: 300000, script: 30000}, unhandledPromptBehavior: dismiss and notify, webauthn:extension:credBlob: true, webauthn:extension:largeBlob: true, webauthn:extension:minPinLength: true, webauthn:extension:prf: true, webauthn:virtualAuthenticators: true}
Element: [[ChromeDriver: chrome on windows (fe2fb9caa250c7a5e13ea5d636b75045)] -> xpath: //ul[@data-qa-id='sort_by_list']/li]
Session ID: fe2fb9caa250c7a5e13ea5d636b75045
16:37:20.049 [main] INFO  - Availability of Doctors list Displayed
16:37:27.432 [main] INFO  - *************Navigated to the surgery list package by clicking on the surgeries link***********
16:37:28.916 [main] INFO  - Storing all surgeries in a list
16:37:29.645 [main] INFO  - ^^^^^^^^^^Navigating to the health and wealth Page^^^^^^^^^^^^^
16:37:35.961 [main] INFO  - Valid name provided: CVSYC
16:37:39.448 [main] INFO  - Valid organization name provided: TBUUU
16:37:39.768 [main] INFO  - Valid phone number provided: 8861705489
16:37:40.116 [main] INFO  - Invalid EmailId provided: GDggY683@.com
16:37:40.434 [main] INFO  - Reqired Organization got selected
16:37:40.823 [main] INFO  - User selected interested criteria
16:37:41.231 [main] INFO  - Schedule button is diabled
16:37:41.478 [main] INFO  - valid EmailId provided: JrLkp571@gmail.com
16:37:41.843 [main] INFO  - Validated Schedule button is able
16:39:10.485 [main] INFO  - **********************Navigated to Procto Home Page******************
16:39:11.044 [main] INFO  - Cleared Location Search bar
16:39:11.343 [main] INFO  - Window handled to open new window
16:39:14.701 [main] INFO  - Required Location selected: Bangalore
16:39:15.163 [main] ERROR - Error selecting city: stale element reference: stale element not found
  (Session info: chrome=120.0.6099.130)
For documentation on this error, please visit: https://www.selenium.dev/documentation/webdriver/troubleshooting/errors#stale-element-reference-exception
Build info: version: '4.15.0', revision: '1d14b5521b'
System info: os.name: 'Windows 11', os.arch: 'amd64', os.version: '10.0', java.version: '17.0.2'
Driver info: org.openqa.selenium.chrome.ChromeDriver
Command: [6f6805ef9be1a0eb0fc79d9f45b5dc18, clickElement {id=CCE627F9E956BD9DA0C0DF84185B481A_element_48}]
Capabilities {acceptInsecureCerts: false, browserName: chrome, browserVersion: 120.0.6099.130, chrome: {chromedriverVersion: 120.0.6099.109 (3419140ab66..., userDataDir: C:\Windows\SystemTemp\scope...}, fedcm:accounts: true, goog:chromeOptions: {debuggerAddress: localhost:53580}, networkConnectionEnabled: false, pageLoadStrategy: normal, platformName: windows, proxy: Proxy(), se:cdp: ws://localhost:53580/devtoo..., se:cdpVersion: 120.0.6099.130, setWindowRect: true, strictFileInteractability: false, timeouts: {implicit: 0, pageLoad: 300000, script: 30000}, unhandledPromptBehavior: dismiss and notify, webauthn:extension:credBlob: true, webauthn:extension:largeBlob: true, webauthn:extension:minPinLength: true, webauthn:extension:prf: true, webauthn:virtualAuthenticators: true}
Element: [[ChromeDriver: chrome on windows (6f6805ef9be1a0eb0fc79d9f45b5dc18)] -> xpath: //div[@class='c-omni-suggestion-group']/div/div]
Session ID: 6f6805ef9be1a0eb0fc79d9f45b5dc18
16:39:15.430 [main] INFO  - Required Specialist got selected
16:39:32.025 [main] INFO  - Clicked on Experience
16:39:57.589 [main] INFO  - *************Navigated to the surgery list package by clicking on the surgeries link***********
16:39:59.174 [main] INFO  - Storing all surgeries in a list
16:40:14.457 [main] INFO  - **********************Navigated to Procto Home Page******************
16:40:14.899 [main] INFO  - Cleared Location Search bar
16:40:15.210 [main] INFO  - Window handled to open new window
16:40:17.629 [main] INFO  - Required Location selected: Jaipur
16:40:18.014 [main] ERROR - Error selecting city: stale element reference: stale element not found
  (Session info: chrome=120.0.6099.130)
For documentation on this error, please visit: https://www.selenium.dev/documentation/webdriver/troubleshooting/errors#stale-element-reference-exception
Build info: version: '4.15.0', revision: '1d14b5521b'
System info: os.name: 'Windows 11', os.arch: 'amd64', os.version: '10.0', java.version: '17.0.2'
Driver info: org.openqa.selenium.chrome.ChromeDriver
Command: [6e30f0ae483628b5ef5297a6ee8982cc, isElementDisplayed {id=002EA351F84C48DC1D3E81991E8DA8B2_element_48}]
Capabilities {acceptInsecureCerts: false, browserName: chrome, browserVersion: 120.0.6099.130, chrome: {chromedriverVersion: 120.0.6099.109 (3419140ab66..., userDataDir: C:\Windows\SystemTemp\scope...}, fedcm:accounts: true, goog:chromeOptions: {debuggerAddress: localhost:53727}, networkConnectionEnabled: false, pageLoadStrategy: normal, platformName: windows, proxy: Proxy(), se:cdp: ws://localhost:53727/devtoo..., se:cdpVersion: 120.0.6099.130, setWindowRect: true, strictFileInteractability: false, timeouts: {implicit: 0, pageLoad: 300000, script: 30000}, unhandledPromptBehavior: dismiss and notify, webauthn:extension:credBlob: true, webauthn:extension:largeBlob: true, webauthn:extension:minPinLength: true, webauthn:extension:prf: true, webauthn:virtualAuthenticators: true}
Element: [[ChromeDriver: chrome on windows (6e30f0ae483628b5ef5297a6ee8982cc)] -> xpath: //div[@class='c-omni-suggestion-group']/div/div]
Session ID: 6e30f0ae483628b5ef5297a6ee8982cc
16:40:18.257 [main] INFO  - Required Specialist got selected
16:40:34.830 [main] INFO  - Clicked on Experience
16:41:01.847 [main] INFO  - *************Navigated to the surgery list package by clicking on the surgeries link***********
16:41:03.151 [main] INFO  - Storing all surgeries in a list
16:41:03.922 [main] INFO  - ^^^^^^^^^^Navigating to the health and wealth Page^^^^^^^^^^^^^
16:41:10.375 [main] INFO  - Valid name provided: UDSAR
16:41:13.770 [main] INFO  - Valid organization name provided: HKSGS
16:41:14.135 [main] INFO  - Valid phone number provided: 7899122523
16:41:14.494 [main] INFO  - Invalid EmailId provided: HaCce098@.com
16:41:14.891 [main] INFO  - Reqired Organization got selected
16:41:15.366 [main] INFO  - User selected interested criteria
16:41:15.884 [main] INFO  - Schedule button is diabled
16:41:16.187 [main] INFO  - valid EmailId provided: iIieF845@gmail.com
16:41:16.732 [main] INFO  - Validated Schedule button is able
16:44:02.769 [main] INFO  - **********************Navigated to Procto Home Page******************
16:44:03.390 [main] INFO  - Cleared Location Search bar
16:44:03.692 [main] INFO  - Window handled to open new window
16:44:06.011 [main] INFO  - Required Location selected: Bangalore
16:44:06.386 [main] ERROR - Error selecting city: stale element reference: stale element not found in the current frame
  (Session info: MicrosoftEdge=123.0.2420.81)
For documentation on this error, please visit: https://www.selenium.dev/documentation/webdriver/troubleshooting/errors#stale-element-reference-exception
Build info: version: '4.15.0', revision: '1d14b5521b'
System info: os.name: 'Windows 11', os.arch: 'amd64', os.version: '10.0', java.version: '17.0.2'
Driver info: org.openqa.selenium.edge.EdgeDriver
Command: [bdd381c0b8f46bef54333a2ab1a537d9, clickElement {id=f.FECEE1A6400EC51E92A4F99B50A62398.d.D367E22F9EEFF805A9D535174990DE8F.e.48}]
Capabilities {acceptInsecureCerts: false, browserName: MicrosoftEdge, browserVersion: 123.0.2420.81, fedcm:accounts: true, ms:edgeOptions: {debuggerAddress: localhost:53992}, msedge: {msedgedriverVersion: 123.0.2420.81 (8acdca46cf48..., userDataDir: C:\Windows\SystemTemp\scope...}, networkConnectionEnabled: false, pageLoadStrategy: normal, platformName: windows, proxy: Proxy(), se:cdp: ws://localhost:53992/devtoo..., se:cdpVersion: 123.0.2420.81, setWindowRect: true, strictFileInteractability: false, timeouts: {implicit: 0, pageLoad: 300000, script: 30000}, unhandledPromptBehavior: dismiss and notify, webauthn:extension:credBlob: true, webauthn:extension:largeBlob: true, webauthn:extension:minPinLength: true, webauthn:extension:prf: true, webauthn:virtualAuthenticators: true}
Element: [[EdgeDriver: MicrosoftEdge on windows (bdd381c0b8f46bef54333a2ab1a537d9)] -> xpath: //div[@class='c-omni-suggestion-group']/div/div]
Session ID: bdd381c0b8f46bef54333a2ab1a537d9
16:44:06.644 [main] INFO  - Required Specialist got selected
16:44:23.203 [main] INFO  - Clicked on Experience
16:44:50.122 [main] INFO  - *************Navigated to the surgery list package by clicking on the surgeries link***********
16:44:51.349 [main] INFO  - Storing all surgeries in a list
16:44:52.206 [main] INFO  - ^^^^^^^^^^Navigating to the health and wealth Page^^^^^^^^^^^^^
16:44:58.685 [main] INFO  - Valid name provided: HAQZX
16:45:02.065 [main] INFO  - Valid organization name provided: DXJTL
16:45:02.411 [main] INFO  - Valid phone number provided: 7342480578
16:45:02.783 [main] INFO  - Invalid EmailId provided: HGpOt280@.com
16:45:03.153 [main] INFO  - Reqired Organization got selected
16:45:03.679 [main] INFO  - User selected interested criteria
16:45:04.195 [main] INFO  - Schedule button is diabled
16:45:04.513 [main] INFO  - valid EmailId provided: lKRsv370@gmail.com
16:45:04.967 [main] INFO  - Validated Schedule button is able
16:56:05.412 [main] INFO  - **********************Navigated to Procto Home Page******************
16:56:05.819 [main] INFO  - Cleared Location Search bar
16:56:06.055 [main] INFO  - Window handled to open new window
16:56:09.803 [main] INFO  - Required Location selected: Bangalore
16:56:10.165 [main] ERROR - Error selecting city: stale element reference: stale element not found in the current frame
  (Session info: MicrosoftEdge=123.0.2420.81)
For documentation on this error, please visit: https://www.selenium.dev/documentation/webdriver/troubleshooting/errors#stale-element-reference-exception
Build info: version: '4.15.0', revision: '1d14b5521b'
System info: os.name: 'Windows 11', os.arch: 'amd64', os.version: '10.0', java.version: '17.0.2'
Driver info: org.openqa.selenium.remote.RemoteWebDriver
Command: [5e9eea985f58a6130dd7caa27e774bf1, clickElement {id=f.FD8DF8F2E47EB850F79A1E1BF92E0303.d.0B1FF54F94A8D645BD9AB6393D583F06.e.48}]
Capabilities {acceptInsecureCerts: false, browserName: MicrosoftEdge, browserVersion: 123.0.2420.81, fedcm:accounts: true, ms:edgeOptions: {debuggerAddress: localhost:55068}, msedge: {msedgedriverVersion: 123.0.2420.81 (8acdca46cf48..., userDataDir: C:\Users\2318449\AppData\Lo...}, networkConnectionEnabled: false, pageLoadStrategy: normal, platformName: Windows 11, proxy: Proxy(), se:bidiEnabled: false, se:cdp: ws://192.168.1.24:4444/sess..., se:cdpVersion: 123.0.2420.81, setWindowRect: true, strictFileInteractability: false, timeouts: {implicit: 0, pageLoad: 300000, script: 30000}, unhandledPromptBehavior: dismiss and notify, webauthn:extension:credBlob: true, webauthn:extension:largeBlob: true, webauthn:extension:minPinLength: true, webauthn:extension:prf: true, webauthn:virtualAuthenticators: true}
Element: [[RemoteWebDriver: MicrosoftEdge on Windows 11 (5e9eea985f58a6130dd7caa27e774bf1)] -> xpath: //div[@class='c-omni-suggestion-group']/div/div]
Session ID: 5e9eea985f58a6130dd7caa27e774bf1
16:56:10.349 [main] INFO  - Required Specialist got selected
16:56:26.972 [main] INFO  - Clicked on Experience
16:56:59.236 [main] INFO  - *************Navigated to the surgery list package by clicking on the surgeries link***********
16:57:00.630 [main] INFO  - Storing all surgeries in a list
16:57:01.423 [main] INFO  - ^^^^^^^^^^Navigating to the health and wealth Page^^^^^^^^^^^^^
16:57:08.092 [main] INFO  - Valid name provided: QSRMY
16:57:11.430 [main] INFO  - Valid organization name provided: DKGML
16:57:11.768 [main] INFO  - Valid phone number provided: 9176614837
16:57:12.104 [main] INFO  - Invalid EmailId provided: kaQJI123@.com
16:57:12.438 [main] INFO  - Reqired Organization got selected
16:57:13.007 [main] INFO  - User selected interested criteria
16:57:13.544 [main] INFO  - Schedule button is diabled
16:57:13.821 [main] INFO  - valid EmailId provided: sfejv334@gmail.com
16:57:14.264 [main] INFO  - Validated Schedule button is able
16:58:38.462 [main] INFO  - **********************Navigated to Procto Home Page******************
16:58:38.781 [main] INFO  - Cleared Location Search bar
16:58:39.015 [main] INFO  - Window handled to open new window
16:58:41.139 [main] INFO  - Required Location selected: Hyderabad
16:58:41.855 [main] INFO  - Required Specialist got selected
16:58:49.502 [main] INFO  - Clicked on Experience
16:58:49.731 [main] INFO  - Required Experice for specialist got selected
16:58:50.044 [main] INFO  - All Filters got selected
16:58:50.403 [main] INFO  - Required Fee got selected
16:58:50.721 [main] INFO  - Availability time of Specialist got selected
16:58:52.494 [main] ERROR - Error selecting availability: stale element reference: stale element not found
  (Session info: chrome=120.0.6099.130)
For documentation on this error, please visit: https://www.selenium.dev/documentation/webdriver/troubleshooting/errors#stale-element-reference-exception
Build info: version: '4.15.0', revision: '1d14b5521b'
System info: os.name: 'Windows 11', os.arch: 'amd64', os.version: '10.0', java.version: '17.0.2'
Driver info: org.openqa.selenium.remote.RemoteWebDriver
Command: [0d87dcddce740e9878301f0c77d0188e, clickElement {id=8F2586988E1E74601CE1B62FC96DE0AA_element_100}]
Capabilities {acceptInsecureCerts: false, browserName: chrome, browserVersion: 120.0.6099.130, chrome: {chromedriverVersion: 120.0.6099.109 (3419140ab66..., userDataDir: C:\Users\2318449\AppData\Lo...}, fedcm:accounts: true, goog:chromeOptions: {debuggerAddress: localhost:55487}, networkConnectionEnabled: false, pageLoadStrategy: normal, platformName: Windows 11, proxy: Proxy(), se:bidiEnabled: false, se:cdp: ws://192.168.1.24:4444/sess..., se:cdpVersion: 120.0.6099.130, setWindowRect: true, strictFileInteractability: false, timeouts: {implicit: 0, pageLoad: 300000, script: 30000}, unhandledPromptBehavior: dismiss and notify, webauthn:extension:credBlob: true, webauthn:extension:largeBlob: true, webauthn:extension:minPinLength: true, webauthn:extension:prf: true, webauthn:virtualAuthenticators: true}
Element: [[RemoteWebDriver: chrome on Windows 11 (0d87dcddce740e9878301f0c77d0188e)] -> xpath: //div[@class='pure-u-4-24'][2]/div/label]
Session ID: 0d87dcddce740e9878301f0c77d0188e
16:58:52.635 [main] INFO  - Clicked on SortBy
16:58:52.783 [main] INFO  - Required SortBy got selected
16:58:54.233 [main] INFO  - Availability of Doctors list Displayed
16:59:03.298 [main] INFO  - *************Navigated to the surgery list package by clicking on the surgeries link***********
16:59:04.211 [main] INFO  - Storing all surgeries in a list
16:59:04.802 [main] INFO  - ^^^^^^^^^^Navigating to the health and wealth Page^^^^^^^^^^^^^
16:59:10.768 [main] INFO  - Valid name provided: IGVMU
16:59:14.193 [main] INFO  - Valid organization name provided: TFMXP
16:59:14.613 [main] INFO  - Valid phone number provided: 7883241587
16:59:15.076 [main] INFO  - Invalid EmailId provided: IQKCB907@.com
16:59:15.583 [main] INFO  - Reqired Organization got selected
16:59:16.364 [main] INFO  - User selected interested criteria
16:59:16.982 [main] INFO  - Schedule button is diabled
16:59:17.306 [main] INFO  - valid EmailId provided: qJdta429@gmail.com
16:59:17.847 [main] INFO  - Validated Schedule button is able
17:01:30.229 [main] INFO  - **********************Navigated to Procto Home Page******************
17:01:30.694 [main] INFO  - Cleared Location Search bar
17:01:31.032 [main] INFO  - Window handled to open new window
17:01:33.307 [main] INFO  - Required Location selected: Delhi
17:01:33.693 [main] ERROR - Error selecting city: stale element reference: stale element not found
  (Session info: chrome=120.0.6099.130)
For documentation on this error, please visit: https://www.selenium.dev/documentation/webdriver/troubleshooting/errors#stale-element-reference-exception
Build info: version: '4.15.0', revision: '1d14b5521b'
System info: os.name: 'Windows 11', os.arch: 'amd64', os.version: '10.0', java.version: '17.0.2'
Driver info: org.openqa.selenium.remote.RemoteWebDriver
Command: [fa5ac6625ac6ac7216b170c53ea4c0c4, clickElement {id=F355DBE2F68A08F7556E718D6893B459_element_38}]
Capabilities {acceptInsecureCerts: false, browserName: chrome, browserVersion: 120.0.6099.130, chrome: {chromedriverVersion: 120.0.6099.109 (3419140ab66..., userDataDir: C:\Users\2318449\AppData\Lo...}, fedcm:accounts: true, goog:chromeOptions: {debuggerAddress: localhost:55814}, networkConnectionEnabled: false, pageLoadStrategy: normal, platformName: Windows 11, proxy: Proxy(), se:bidiEnabled: false, se:cdp: ws://192.168.1.24:4444/sess..., se:cdpVersion: 120.0.6099.130, setWindowRect: true, strictFileInteractability: false, timeouts: {implicit: 0, pageLoad: 300000, script: 30000}, unhandledPromptBehavior: dismiss and notify, webauthn:extension:credBlob: true, webauthn:extension:largeBlob: true, webauthn:extension:minPinLength: true, webauthn:extension:prf: true, webauthn:virtualAuthenticators: true}
Element: [[RemoteWebDriver: chrome on Windows 11 (fa5ac6625ac6ac7216b170c53ea4c0c4)] -> xpath: //div[@class='c-omni-suggestion-group']/div/div]
Session ID: fa5ac6625ac6ac7216b170c53ea4c0c4
17:01:33.878 [main] INFO  - Required Specialist got selected
17:01:50.612 [main] INFO  - Clicked on Experience
17:02:54.192 [main] INFO  - *************Navigated to the surgery list package by clicking on the surgeries link***********
17:02:55.494 [main] INFO  - Storing all surgeries in a list
17:02:56.320 [main] INFO  - ^^^^^^^^^^Navigating to the health and wealth Page^^^^^^^^^^^^^
17:08:33.680 [main] INFO  - **********************Navigated to Procto Home Page******************
17:08:34.171 [main] INFO  - Cleared Location Search bar
17:08:34.440 [main] INFO  - Window handled to open new window
17:08:36.819 [main] INFO  - Required Location selected: Surat
17:08:37.264 [main] ERROR - Error selecting city: stale element reference: stale element not found
  (Session info: chrome=120.0.6099.130)
For documentation on this error, please visit: https://www.selenium.dev/documentation/webdriver/troubleshooting/errors#stale-element-reference-exception
Build info: version: '4.15.0', revision: '1d14b5521b'
System info: os.name: 'Windows 11', os.arch: 'amd64', os.version: '10.0', java.version: '17.0.2'
Driver info: org.openqa.selenium.chrome.ChromeDriver
Command: [4c99a546a09e9b749c5ac35681986526, clickElement {id=4F2BC2CAE01837635589AF00DBF3BEF7_element_48}]
Capabilities {acceptInsecureCerts: false, browserName: chrome, browserVersion: 120.0.6099.130, chrome: {chromedriverVersion: 120.0.6099.109 (3419140ab66..., userDataDir: C:\Windows\SystemTemp\scope...}, fedcm:accounts: true, goog:chromeOptions: {debuggerAddress: localhost:56612}, networkConnectionEnabled: false, pageLoadStrategy: normal, platformName: windows, proxy: Proxy(), se:cdp: ws://localhost:56612/devtoo..., se:cdpVersion: 120.0.6099.130, setWindowRect: true, strictFileInteractability: false, timeouts: {implicit: 0, pageLoad: 300000, script: 30000}, unhandledPromptBehavior: dismiss and notify, webauthn:extension:credBlob: true, webauthn:extension:largeBlob: true, webauthn:extension:minPinLength: true, webauthn:extension:prf: true, webauthn:virtualAuthenticators: true}
Element: [[ChromeDriver: chrome on windows (4c99a546a09e9b749c5ac35681986526)] -> xpath: //div[@class='c-omni-suggestion-group']/div/div]
Session ID: 4c99a546a09e9b749c5ac35681986526
17:08:37.508 [main] INFO  - Required Specialist got selected
17:08:54.016 [main] INFO  - Clicked on Experience
17:09:20.385 [main] INFO  - *************Navigated to the surgery list package by clicking on the surgeries link***********
17:09:21.647 [main] INFO  - Storing all surgeries in a list
17:09:22.300 [main] INFO  - ^^^^^^^^^^Navigating to the health and wealth Page^^^^^^^^^^^^^
17:09:28.584 [main] INFO  - Valid name provided: YANPM
17:09:31.841 [main] INFO  - Valid organization name provided: BYRJL
17:09:32.100 [main] INFO  - Valid phone number provided: 6447875311
17:09:32.383 [main] INFO  - Invalid EmailId provided: vTaQV413@.com
17:09:32.724 [main] INFO  - Reqired Organization got selected
17:09:33.172 [main] INFO  - User selected interested criteria
17:09:33.759 [main] INFO  - Schedule button is diabled
17:09:34.132 [main] INFO  - valid EmailId provided: KfDwY499@gmail.com
17:09:34.606 [main] INFO  - Validated Schedule button is able
17:13:44.781 [main] INFO  - **********************Navigated to Procto Home Page******************
17:13:45.049 [main] INFO  - Cleared Location Search bar
17:13:45.250 [main] INFO  - Window handled to open new window
17:13:47.428 [main] INFO  - Required Location selected: Pune
17:13:47.811 [main] ERROR - Error selecting city: stale element reference: stale element not found
  (Session info: chrome=120.0.6099.130)
For documentation on this error, please visit: https://www.selenium.dev/documentation/webdriver/troubleshooting/errors#stale-element-reference-exception
Build info: version: '4.15.0', revision: '1d14b5521b'
System info: os.name: 'Windows 11', os.arch: 'amd64', os.version: '10.0', java.version: '11.0.22'
Driver info: org.openqa.selenium.chrome.ChromeDriver
Command: [2b0220405c1992e9191ff52fb23f42b0, clickElement {id=C381D485F8E9EB8D58014F390CA2282E_element_48}]
Capabilities {acceptInsecureCerts: false, browserName: chrome, browserVersion: 120.0.6099.130, chrome: {chromedriverVersion: 120.0.6099.109 (3419140ab66..., userDataDir: C:\Users\2318449\AppData\Lo...}, fedcm:accounts: true, goog:chromeOptions: {debuggerAddress: localhost:57281}, networkConnectionEnabled: false, pageLoadStrategy: normal, platformName: windows, proxy: Proxy(), se:cdp: ws://localhost:57281/devtoo..., se:cdpVersion: 120.0.6099.130, setWindowRect: true, strictFileInteractability: false, timeouts: {implicit: 0, pageLoad: 300000, script: 30000}, unhandledPromptBehavior: dismiss and notify, webauthn:extension:credBlob: true, webauthn:extension:largeBlob: true, webauthn:extension:minPinLength: true, webauthn:extension:prf: true, webauthn:virtualAuthenticators: true}
Element: [[ChromeDriver: chrome on windows (2b0220405c1992e9191ff52fb23f42b0)] -> xpath: //div[@class='c-omni-suggestion-group']/div/div]
Session ID: 2b0220405c1992e9191ff52fb23f42b0
17:13:48.023 [main] INFO  - Required Specialist got selected
17:14:04.507 [main] INFO  - Clicked on Experience
17:14:34.357 [main] INFO  - *************Navigated to the surgery list package by clicking on the surgeries link***********
17:14:35.792 [main] INFO  - Storing all surgeries in a list
17:14:36.625 [main] INFO  - ^^^^^^^^^^Navigating to the health and wealth Page^^^^^^^^^^^^^
17:14:42.946 [main] INFO  - Valid name provided: DJMRS
17:14:46.264 [main] INFO  - Valid organization name provided: IKYAP
17:14:46.580 [main] INFO  - Valid phone number provided: 7289194556
17:14:46.905 [main] INFO  - Invalid EmailId provided: PrcQZ651@.com
17:14:47.226 [main] INFO  - Reqired Organization got selected
17:14:47.733 [main] INFO  - User selected interested criteria
17:14:48.199 [main] INFO  - Schedule button is diabled
17:14:48.475 [main] INFO  - valid EmailId provided: UFiby323@gmail.com
17:14:48.889 [main] INFO  - Validated Schedule button is able
17:17:44.804 [main] INFO  - **********************Navigated to Procto Home Page******************
