10:20:01.319 [main] TRACE - Loading type system org.apache.poi.schemas.ooxml.system.ooxml
10:20:01.327 [main] TRACE - Loading type system org.apache.xmlbeans.metadata.system.sXMLCONFIG
10:20:01.327 [main] TRACE - Loading type system org.apache.xmlbeans.metadata.system.sXMLLANG
10:20:01.328 [main] TRACE - Loading type system org.apache.xmlbeans.metadata.system.sXMLSCHEMA
10:20:01.328 [main] TRACE - Loading type system org.apache.xmlbeans.metadata.system.sXMLTOOLS
10:20:01.329 [main] TRACE - Reading unresolved handles for type system org.apache.xmlbeans.metadata.system.sXMLTOOLS
10:20:01.337 [main] TRACE - Finished loading type system org.apache.xmlbeans.metadata.system.sXMLTOOLS
10:20:01.338 [main] TRACE - Reading unresolved handles for type system org.apache.xmlbeans.metadata.system.sXMLSCHEMA
10:20:01.341 [main] TRACE - Finished loading type system org.apache.xmlbeans.metadata.system.sXMLSCHEMA
10:20:01.343 [main] TRACE - Reading unresolved handles for type system org.apache.xmlbeans.metadata.system.sXMLLANG
10:20:01.344 [main] TRACE - Finished loading type system org.apache.xmlbeans.metadata.system.sXMLLANG
10:20:01.344 [main] TRACE - Reading unresolved handles for type system org.apache.xmlbeans.metadata.system.sXMLCONFIG
10:20:01.345 [main] TRACE - Finished loading type system org.apache.xmlbeans.metadata.system.sXMLCONFIG
10:20:01.345 [main] TRACE - Reading unresolved handles for type system org.apache.poi.schemas.ooxml.system.ooxml
10:20:01.378 [main] TRACE - Finished loading type system org.apache.poi.schemas.ooxml.system.ooxml
10:20:01.378 [main] TRACE - Resolving type for handle themefd26doctype
10:20:01.417 [main] TRACE - Resolving type for handle stylesheet5d8bdoctype
10:20:01.420 [main] TRACE - Resolving type for handle ctstylesheet4257type
10:20:01.424 [main] TRACE - Resolving type for handle ctnumfmtsb58btype
10:20:01.425 [main] TRACE - Resolving type for handle ctfonts6623type
10:20:01.427 [main] TRACE - Resolving type for handle ctfont14d8type
10:20:01.431 [main] TRACE - Resolving type for handle ctfills2c6ftype
10:20:01.433 [main] TRACE - Resolving type for handle ctfill550ctype
10:20:01.435 [main] TRACE - Resolving type for handle ctborders0d66type
10:20:01.436 [main] TRACE - Resolving type for handle ctborderf935type
10:20:01.438 [main] TRACE - Resolving type for handle ctcellxfs1322type
10:20:01.439 [main] TRACE - Resolving type for handle ctxf97f7type
10:20:01.441 [main] TRACE - Resolving type for handle ctcellstylexfsa81ftype
10:20:01.443 [main] TRACE - Resolving type for handle ctdxfsb26atype
10:20:01.445 [main] TRACE - Resolving type for handle cttablestyles872ftype
10:20:01.447 [main] TRACE - Resolving type for handle sstf81fdoctype
10:20:01.451 [main] TRACE - Resolving type for handle ctsst44f3type
10:20:01.458 [main] TRACE - Resolving type for handle ctrsta472type
10:20:01.484 [main] TRACE - Resolving type for handle workbookec17doctype
10:20:01.487 [main] TRACE - Resolving type for handle ctworkbook83c3type
10:20:01.491 [main] TRACE - Resolving type for handle ctsheets49fdtype
10:20:01.493 [main] TRACE - Resolving type for handle ctsheet4dbetype
10:20:01.494 [main] TRACE - Resolving type for handle strelationshipid1e94type
10:20:01.496 [main] TRACE - Resolving type for handle worksheetf539doctype
10:20:01.500 [main] TRACE - Resolving type for handle ctworksheet530dtype
10:20:01.506 [main] TRACE - Resolving type for handle ctsheetdata8408type
10:20:01.509 [main] TRACE - Resolving type for handle ctrowdd39type
10:20:01.513 [main] TRACE - Resolving type for handle ctcell842btype
10:20:01.521 [main] TRACE - Resolving type for handle stcellrefe4e0type
10:20:01.529 [main] TRACE - Resolving type for handle ctcols627ctype
10:20:01.539 [main] TRACE - Resolving type for handle stxstringf179type
10:20:01.542 [main] TRACE - Resolving type for handle stcelltypebf95type
10:20:01.554 [main] TRACE - Resolving type for handle stcellstylexfid70c7type
10:20:01.559 [main] TRACE - Resolving type for handle ctsheetdimensiond310type
10:20:01.561 [main] TRACE - Resolving type for handle stref90a2type
10:20:01.574 [main] TRACE - Resolving type for handle propertiesee84doctype
10:20:01.576 [main] TRACE - Resolving type for handle ctproperties3f10type
10:20:01.580 [main] TRACE - Resolving type for handle properties288cdoctype
10:20:01.581 [main] TRACE - Resolving type for handle ctproperties2c18type
10:20:01.592 [main] DEBUG - Save content types part
10:20:01.647 [main] DEBUG - Save package relationships
10:20:01.652 [main] DEBUG - Save part 'docProps/app.xml'
10:20:01.652 [main] DEBUG - Save part 'docProps/core.xml'
10:20:01.655 [main] DEBUG - Save part 'xl/sharedStrings.xml'
10:20:01.656 [main] DEBUG - Save part 'xl/styles.xml'
10:20:01.656 [main] DEBUG - Save part 'xl/theme/theme1.xml'
10:20:01.656 [main] DEBUG - Save part 'xl/workbook.xml'
10:20:01.658 [main] DEBUG - Save part 'xl/worksheets/sheet1.xml'
10:20:01.665 [main] DEBUG - Parsing relationship: /xl/_rels/workbook.xml.rels
10:20:01.665 [main] DEBUG - Parsing relationship: /_rels/.rels
10:20:01.692 [main] DEBUG - Save content types part
10:20:01.694 [main] DEBUG - Save package relationships
10:20:01.695 [main] DEBUG - Save part 'docProps/app.xml'
10:20:01.695 [main] DEBUG - Save part 'docProps/core.xml'
10:20:01.696 [main] DEBUG - Save part 'xl/sharedStrings.xml'
10:20:01.697 [main] DEBUG - Save part 'xl/styles.xml'
10:20:01.697 [main] DEBUG - Save part 'xl/theme/theme1.xml'
10:20:01.697 [main] DEBUG - Save part 'xl/workbook.xml'
10:20:01.698 [main] DEBUG - Save part 'xl/worksheets/sheet1.xml'
10:20:01.964 [main] INFO  - Required Specialist got selected
10:20:13.060 [main] ERROR - Error selecting doctors: timeout: Timed out receiving message from renderer: 5.000
  (Session info: chrome=120.0.6099.130)
Build info: version: '4.15.0', revision: '1d14b5521b'
System info: os.name: 'Windows 11', os.arch: 'amd64', os.version: '10.0', java.version: '17.0.2'
Driver info: org.openqa.selenium.chrome.ChromeDriver
Command: [f42d3f9ea95919a034ec57929d1c062c, clickElement {id=0F03833FE4C7FB61D203620345683A69_element_56}]
Capabilities {acceptInsecureCerts: false, browserName: chrome, browserVersion: 120.0.6099.130, chrome: {chromedriverVersion: 120.0.6099.109 (3419140ab66..., userDataDir: C:\Windows\SystemTemp\scope...}, fedcm:accounts: true, goog:chromeOptions: {debuggerAddress: localhost:58013}, networkConnectionEnabled: false, pageLoadStrategy: normal, platformName: windows, proxy: Proxy(), se:cdp: ws://localhost:58013/devtoo..., se:cdpVersion: 120.0.6099.130, setWindowRect: true, strictFileInteractability: false, timeouts: {implicit: 0, pageLoad: 300000, script: 30000}, unhandledPromptBehavior: dismiss and notify, webauthn:extension:credBlob: true, webauthn:extension:largeBlob: true, webauthn:extension:minPinLength: true, webauthn:extension:prf: true, webauthn:virtualAuthenticators: true}
Element: [[ChromeDriver: chrome on windows (f42d3f9ea95919a034ec57929d1c062c)] -> xpath: //div[@class='c-omni-suggestion-item']]
Session ID: f42d3f9ea95919a034ec57929d1c062c
10:20:33.485 [main] INFO  - Clicked on Experience
10:24:58.658 [main] INFO  - **********************Navigated to Procto Home Page******************
10:24:58.933 [main] INFO  - Cleared Location Search bar
10:24:59.091 [main] INFO  - Window handled to open new window
10:25:01.562 [main] INFO  - Required Location selected: Bangalore
10:25:01.747 [main] DEBUG - Parsing relationship: /xl/_rels/workbook.xml.rels
10:25:01.751 [main] DEBUG - Parsing relationship: /_rels/.rels
10:25:01.914 [main] TRACE - Loading type system org.apache.poi.schemas.ooxml.system.ooxml
10:25:01.920 [main] TRACE - Loading type system org.apache.xmlbeans.metadata.system.sXMLCONFIG
10:25:01.921 [main] TRACE - Loading type system org.apache.xmlbeans.metadata.system.sXMLLANG
10:25:01.921 [main] TRACE - Loading type system org.apache.xmlbeans.metadata.system.sXMLSCHEMA
10:25:01.922 [main] TRACE - Loading type system org.apache.xmlbeans.metadata.system.sXMLTOOLS
10:25:01.923 [main] TRACE - Reading unresolved handles for type system org.apache.xmlbeans.metadata.system.sXMLTOOLS
10:25:01.940 [main] TRACE - Finished loading type system org.apache.xmlbeans.metadata.system.sXMLTOOLS
10:25:01.942 [main] TRACE - Reading unresolved handles for type system org.apache.xmlbeans.metadata.system.sXMLSCHEMA
10:25:01.946 [main] TRACE - Finished loading type system org.apache.xmlbeans.metadata.system.sXMLSCHEMA
10:25:01.947 [main] TRACE - Reading unresolved handles for type system org.apache.xmlbeans.metadata.system.sXMLLANG
10:25:01.948 [main] TRACE - Finished loading type system org.apache.xmlbeans.metadata.system.sXMLLANG
10:25:01.949 [main] TRACE - Reading unresolved handles for type system org.apache.xmlbeans.metadata.system.sXMLCONFIG
10:25:01.950 [main] TRACE - Finished loading type system org.apache.xmlbeans.metadata.system.sXMLCONFIG
10:25:01.950 [main] TRACE - Reading unresolved handles for type system org.apache.poi.schemas.ooxml.system.ooxml
10:25:01.987 [main] TRACE - Finished loading type system org.apache.poi.schemas.ooxml.system.ooxml
10:25:01.988 [main] TRACE - Resolving type for handle themefd26doctype
10:25:02.051 [main] TRACE - Resolving type for handle stylesheet5d8bdoctype
10:25:02.056 [main] TRACE - Resolving type for handle ctstylesheet4257type
10:25:02.059 [main] TRACE - Resolving type for handle ctnumfmtsb58btype
10:25:02.061 [main] TRACE - Resolving type for handle ctfonts6623type
10:25:02.063 [main] TRACE - Resolving type for handle ctfont14d8type
10:25:02.068 [main] TRACE - Resolving type for handle ctfills2c6ftype
10:25:02.070 [main] TRACE - Resolving type for handle ctfill550ctype
10:25:02.072 [main] TRACE - Resolving type for handle ctborders0d66type
10:25:02.075 [main] TRACE - Resolving type for handle ctborderf935type
10:25:02.079 [main] TRACE - Resolving type for handle ctcellxfs1322type
10:25:02.081 [main] TRACE - Resolving type for handle ctxf97f7type
10:25:02.083 [main] TRACE - Resolving type for handle ctcellstylexfsa81ftype
10:25:02.085 [main] TRACE - Resolving type for handle ctdxfsb26atype
10:25:02.088 [main] TRACE - Resolving type for handle cttablestyles872ftype
10:25:02.091 [main] TRACE - Resolving type for handle sstf81fdoctype
10:25:02.098 [main] TRACE - Resolving type for handle ctsst44f3type
10:25:02.109 [main] TRACE - Resolving type for handle ctrsta472type
10:25:02.152 [main] TRACE - Resolving type for handle workbookec17doctype
10:25:02.156 [main] TRACE - Resolving type for handle ctworkbook83c3type
10:25:02.162 [main] TRACE - Resolving type for handle ctsheets49fdtype
10:25:02.164 [main] TRACE - Resolving type for handle ctsheet4dbetype
10:25:02.166 [main] TRACE - Resolving type for handle strelationshipid1e94type
10:25:02.167 [main] TRACE - Resolving type for handle worksheetf539doctype
10:25:02.174 [main] TRACE - Resolving type for handle ctworksheet530dtype
10:25:02.182 [main] TRACE - Resolving type for handle ctsheetdata8408type
10:25:02.185 [main] TRACE - Resolving type for handle ctrowdd39type
10:25:02.192 [main] TRACE - Resolving type for handle ctcell842btype
10:25:02.199 [main] TRACE - Resolving type for handle stcellrefe4e0type
10:25:02.211 [main] TRACE - Resolving type for handle ctcols627ctype
10:25:02.224 [main] TRACE - Resolving type for handle stxstringf179type
10:25:02.234 [main] TRACE - Resolving type for handle stcelltypebf95type
10:25:02.251 [main] TRACE - Resolving type for handle stcellstylexfid70c7type
10:25:02.256 [main] TRACE - Resolving type for handle ctsheetdimensiond310type
10:25:02.258 [main] TRACE - Resolving type for handle stref90a2type
10:25:02.280 [main] TRACE - Resolving type for handle propertiesee84doctype
10:25:02.282 [main] TRACE - Resolving type for handle ctproperties3f10type
10:25:02.289 [main] TRACE - Resolving type for handle properties288cdoctype
10:25:02.291 [main] TRACE - Resolving type for handle ctproperties2c18type
10:25:02.306 [main] DEBUG - Save content types part
10:25:02.387 [main] DEBUG - Save package relationships
10:25:02.393 [main] DEBUG - Save part 'docProps/app.xml'
10:25:02.393 [main] DEBUG - Save part 'docProps/core.xml'
10:25:02.398 [main] DEBUG - Save part 'xl/sharedStrings.xml'
10:25:02.399 [main] DEBUG - Save part 'xl/styles.xml'
10:25:02.400 [main] DEBUG - Save part 'xl/theme/theme1.xml'
10:25:02.401 [main] DEBUG - Save part 'xl/workbook.xml'
10:25:02.404 [main] DEBUG - Save part 'xl/worksheets/sheet1.xml'
10:25:02.415 [main] DEBUG - Parsing relationship: /xl/_rels/workbook.xml.rels
10:25:02.416 [main] DEBUG - Parsing relationship: /_rels/.rels
10:25:02.455 [main] DEBUG - Save content types part
10:25:02.456 [main] DEBUG - Save package relationships
10:25:02.458 [main] DEBUG - Save part 'docProps/app.xml'
10:25:02.458 [main] DEBUG - Save part 'docProps/core.xml'
10:25:02.460 [main] DEBUG - Save part 'xl/sharedStrings.xml'
10:25:02.460 [main] DEBUG - Save part 'xl/styles.xml'
10:25:02.460 [main] DEBUG - Save part 'xl/theme/theme1.xml'
10:25:02.461 [main] DEBUG - Save part 'xl/workbook.xml'
10:25:02.462 [main] DEBUG - Save part 'xl/worksheets/sheet1.xml'
10:25:02.865 [main] INFO  - Required Specialist got selected
10:25:10.729 [main] DEBUG - Parsing relationship: /xl/_rels/workbook.xml.rels
10:25:10.730 [main] DEBUG - Parsing relationship: /_rels/.rels
10:25:10.758 [main] DEBUG - Save content types part
10:25:10.760 [main] DEBUG - Save package relationships
10:25:10.762 [main] DEBUG - Save part 'docProps/app.xml'
10:25:10.762 [main] DEBUG - Save part 'docProps/core.xml'
10:25:10.765 [main] DEBUG - Save part 'xl/sharedStrings.xml'
10:25:10.766 [main] DEBUG - Save part 'xl/styles.xml'
10:25:10.766 [main] DEBUG - Save part 'xl/theme/theme1.xml'
10:25:10.767 [main] DEBUG - Save part 'xl/workbook.xml'
10:25:10.770 [main] DEBUG - Save part 'xl/worksheets/sheet1.xml'
10:25:10.776 [main] DEBUG - Parsing relationship: /xl/_rels/workbook.xml.rels
10:25:10.777 [main] DEBUG - Parsing relationship: /_rels/.rels
10:25:10.795 [main] DEBUG - Save content types part
10:25:10.797 [main] DEBUG - Save package relationships
10:25:10.797 [main] DEBUG - Save part 'docProps/app.xml'
10:25:10.798 [main] DEBUG - Save part 'docProps/core.xml'
10:25:10.799 [main] DEBUG - Save part 'xl/sharedStrings.xml'
10:25:10.800 [main] DEBUG - Save part 'xl/styles.xml'
10:25:10.800 [main] DEBUG - Save part 'xl/theme/theme1.xml'
10:25:10.800 [main] DEBUG - Save part 'xl/workbook.xml'
10:25:10.802 [main] DEBUG - Save part 'xl/worksheets/sheet1.xml'
10:25:21.207 [main] INFO  - Clicked on Experience
10:25:21.298 [main] INFO  - Required Experice for specialist got selected
10:25:22.082 [main] INFO  - All Filters got selected
10:25:22.420 [main] INFO  - Required Fee got selected
10:25:22.685 [main] INFO  - Availability time of Specialist got selected
10:25:26.519 [main] INFO  - Clicked on SortBy
10:25:26.607 [main] INFO  - Required SortBy got selected
10:25:29.090 [main] INFO  - Availability of Doctors list Displayed
10:25:29.176 [main] DEBUG - Parsing relationship: /xl/_rels/workbook.xml.rels
10:25:29.178 [main] DEBUG - Parsing relationship: /_rels/.rels
10:25:29.241 [main] DEBUG - Save content types part
10:25:29.244 [main] DEBUG - Save package relationships
10:25:29.247 [main] DEBUG - Save part 'docProps/app.xml'
10:25:29.248 [main] DEBUG - Save part 'docProps/core.xml'
10:25:29.252 [main] DEBUG - Save part 'xl/sharedStrings.xml'
10:25:29.253 [main] DEBUG - Save part 'xl/styles.xml'
10:25:29.254 [main] DEBUG - Save part 'xl/theme/theme1.xml'
10:25:29.255 [main] DEBUG - Save part 'xl/workbook.xml'
10:25:29.259 [main] DEBUG - Save part 'xl/worksheets/sheet1.xml'
10:25:29.277 [main] DEBUG - Parsing relationship: /xl/_rels/workbook.xml.rels
10:25:29.279 [main] DEBUG - Parsing relationship: /_rels/.rels
10:25:29.361 [main] DEBUG - Save content types part
10:25:29.366 [main] DEBUG - Save package relationships
10:25:29.370 [main] DEBUG - Save part 'docProps/app.xml'
10:25:29.371 [main] DEBUG - Save part 'docProps/core.xml'
10:25:29.376 [main] DEBUG - Save part 'xl/sharedStrings.xml'
10:25:29.378 [main] DEBUG - Save part 'xl/styles.xml'
10:25:29.379 [main] DEBUG - Save part 'xl/theme/theme1.xml'
10:25:29.381 [main] DEBUG - Save part 'xl/workbook.xml'
10:25:29.386 [main] DEBUG - Save part 'xl/worksheets/sheet1.xml'
10:25:29.494 [main] DEBUG - Parsing relationship: /xl/_rels/workbook.xml.rels
10:25:29.497 [main] DEBUG - Parsing relationship: /_rels/.rels
10:25:29.557 [main] DEBUG - Save content types part
10:25:29.563 [main] DEBUG - Save package relationships
10:25:29.567 [main] DEBUG - Save part 'docProps/app.xml'
10:25:29.568 [main] DEBUG - Save part 'docProps/core.xml'
10:25:29.572 [main] DEBUG - Save part 'xl/sharedStrings.xml'
10:25:29.574 [main] DEBUG - Save part 'xl/styles.xml'
10:25:29.575 [main] DEBUG - Save part 'xl/theme/theme1.xml'
10:25:29.577 [main] DEBUG - Save part 'xl/workbook.xml'
10:25:29.582 [main] DEBUG - Save part 'xl/worksheets/sheet1.xml'
10:25:29.610 [main] DEBUG - Parsing relationship: /xl/_rels/workbook.xml.rels
10:25:29.612 [main] DEBUG - Parsing relationship: /_rels/.rels
10:25:29.673 [main] DEBUG - Save content types part
10:25:29.677 [main] DEBUG - Save package relationships
10:25:29.680 [main] DEBUG - Save part 'docProps/app.xml'
10:25:29.681 [main] DEBUG - Save part 'docProps/core.xml'
10:25:29.685 [main] DEBUG - Save part 'xl/sharedStrings.xml'
10:25:29.686 [main] DEBUG - Save part 'xl/styles.xml'
10:25:29.687 [main] DEBUG - Save part 'xl/theme/theme1.xml'
10:25:29.688 [main] DEBUG - Save part 'xl/workbook.xml'
10:25:29.692 [main] DEBUG - Save part 'xl/worksheets/sheet1.xml'
10:25:29.803 [main] DEBUG - Parsing relationship: /xl/_rels/workbook.xml.rels
10:25:29.805 [main] DEBUG - Parsing relationship: /_rels/.rels
10:25:29.869 [main] DEBUG - Save content types part
10:25:29.872 [main] DEBUG - Save package relationships
10:25:29.874 [main] DEBUG - Save part 'docProps/app.xml'
10:25:29.875 [main] DEBUG - Save part 'docProps/core.xml'
10:25:29.878 [main] DEBUG - Save part 'xl/sharedStrings.xml'
10:25:29.879 [main] DEBUG - Save part 'xl/styles.xml'
10:25:29.880 [main] DEBUG - Save part 'xl/theme/theme1.xml'
10:25:29.882 [main] DEBUG - Save part 'xl/workbook.xml'
10:25:29.886 [main] DEBUG - Save part 'xl/worksheets/sheet1.xml'
10:25:29.900 [main] DEBUG - Parsing relationship: /xl/_rels/workbook.xml.rels
10:25:29.902 [main] DEBUG - Parsing relationship: /_rels/.rels
10:25:29.958 [main] DEBUG - Save content types part
10:25:29.961 [main] DEBUG - Save package relationships
10:25:29.965 [main] DEBUG - Save part 'docProps/app.xml'
10:25:29.966 [main] DEBUG - Save part 'docProps/core.xml'
10:25:29.969 [main] DEBUG - Save part 'xl/sharedStrings.xml'
10:25:29.970 [main] DEBUG - Save part 'xl/styles.xml'
10:25:29.971 [main] DEBUG - Save part 'xl/theme/theme1.xml'
10:25:29.972 [main] DEBUG - Save part 'xl/workbook.xml'
10:25:29.975 [main] DEBUG - Save part 'xl/worksheets/sheet1.xml'
10:25:30.058 [main] DEBUG - Parsing relationship: /xl/_rels/workbook.xml.rels
10:25:30.059 [main] DEBUG - Parsing relationship: /_rels/.rels
10:25:30.090 [main] DEBUG - Save content types part
10:25:30.092 [main] DEBUG - Save package relationships
10:25:30.095 [main] DEBUG - Save part 'docProps/app.xml'
10:25:30.095 [main] DEBUG - Save part 'docProps/core.xml'
10:25:30.098 [main] DEBUG - Save part 'xl/sharedStrings.xml'
10:25:30.099 [main] DEBUG - Save part 'xl/styles.xml'
10:25:30.101 [main] DEBUG - Save part 'xl/theme/theme1.xml'
10:25:30.102 [main] DEBUG - Save part 'xl/workbook.xml'
10:25:30.105 [main] DEBUG - Save part 'xl/worksheets/sheet1.xml'
10:25:30.119 [main] DEBUG - Parsing relationship: /xl/_rels/workbook.xml.rels
10:25:30.121 [main] DEBUG - Parsing relationship: /_rels/.rels
10:25:30.167 [main] DEBUG - Save content types part
10:25:30.176 [main] DEBUG - Save package relationships
10:25:30.179 [main] DEBUG - Save part 'docProps/app.xml'
10:25:30.180 [main] DEBUG - Save part 'docProps/core.xml'
10:25:30.183 [main] DEBUG - Save part 'xl/sharedStrings.xml'
10:25:30.184 [main] DEBUG - Save part 'xl/styles.xml'
10:25:30.185 [main] DEBUG - Save part 'xl/theme/theme1.xml'
10:25:30.186 [main] DEBUG - Save part 'xl/workbook.xml'
10:25:30.189 [main] DEBUG - Save part 'xl/worksheets/sheet1.xml'
10:25:30.266 [main] DEBUG - Parsing relationship: /xl/_rels/workbook.xml.rels
10:25:30.268 [main] DEBUG - Parsing relationship: /_rels/.rels
10:25:30.312 [main] DEBUG - Save content types part
10:25:30.318 [main] DEBUG - Save package relationships
10:25:30.321 [main] DEBUG - Save part 'docProps/app.xml'
10:25:30.322 [main] DEBUG - Save part 'docProps/core.xml'
10:25:30.326 [main] DEBUG - Save part 'xl/sharedStrings.xml'
10:25:30.327 [main] DEBUG - Save part 'xl/styles.xml'
10:25:30.329 [main] DEBUG - Save part 'xl/theme/theme1.xml'
10:25:30.330 [main] DEBUG - Save part 'xl/workbook.xml'
10:25:30.334 [main] DEBUG - Save part 'xl/worksheets/sheet1.xml'
10:25:30.346 [main] DEBUG - Parsing relationship: /xl/_rels/workbook.xml.rels
10:25:30.348 [main] DEBUG - Parsing relationship: /_rels/.rels
10:25:30.395 [main] DEBUG - Save content types part
10:25:30.399 [main] DEBUG - Save package relationships
10:25:30.401 [main] DEBUG - Save part 'docProps/app.xml'
10:25:30.402 [main] DEBUG - Save part 'docProps/core.xml'
10:25:30.406 [main] DEBUG - Save part 'xl/sharedStrings.xml'
10:25:30.407 [main] DEBUG - Save part 'xl/styles.xml'
10:25:30.408 [main] DEBUG - Save part 'xl/theme/theme1.xml'
10:25:30.409 [main] DEBUG - Save part 'xl/workbook.xml'
10:25:30.413 [main] DEBUG - Save part 'xl/worksheets/sheet1.xml'
10:25:38.637 [main] INFO  - *************Navigated to the surgery list package by clicking on the surgeries link***********
10:25:39.934 [main] INFO  - Storing all surgeries in a list
10:25:40.018 [main] DEBUG - Parsing relationship: /xl/_rels/workbook.xml.rels
10:25:40.019 [main] DEBUG - Parsing relationship: /_rels/.rels
10:25:40.039 [main] DEBUG - Save content types part
10:25:40.042 [main] DEBUG - Save package relationships
10:25:40.043 [main] DEBUG - Save part 'docProps/app.xml'
10:25:40.044 [main] DEBUG - Save part 'docProps/core.xml'
10:25:40.045 [main] DEBUG - Save part 'xl/sharedStrings.xml'
10:25:40.045 [main] DEBUG - Save part 'xl/styles.xml'
10:25:40.045 [main] DEBUG - Save part 'xl/theme/theme1.xml'
10:25:40.046 [main] DEBUG - Save part 'xl/workbook.xml'
10:25:40.047 [main] DEBUG - Save part 'xl/worksheets/sheet1.xml'
10:25:40.053 [main] DEBUG - Parsing relationship: /xl/_rels/workbook.xml.rels
10:25:40.054 [main] DEBUG - Parsing relationship: /_rels/.rels
10:25:40.082 [main] DEBUG - Save content types part
10:25:40.084 [main] DEBUG - Save package relationships
10:25:40.085 [main] DEBUG - Save part 'docProps/app.xml'
10:25:40.086 [main] DEBUG - Save part 'docProps/core.xml'
10:25:40.087 [main] DEBUG - Save part 'xl/sharedStrings.xml'
10:25:40.087 [main] DEBUG - Save part 'xl/styles.xml'
10:25:40.088 [main] DEBUG - Save part 'xl/theme/theme1.xml'
10:25:40.088 [main] DEBUG - Save part 'xl/workbook.xml'
10:25:40.089 [main] DEBUG - Save part 'xl/worksheets/sheet1.xml'
10:25:40.134 [main] DEBUG - Parsing relationship: /xl/_rels/workbook.xml.rels
10:25:40.135 [main] DEBUG - Parsing relationship: /_rels/.rels
10:25:40.153 [main] DEBUG - Save content types part
10:25:40.154 [main] DEBUG - Save package relationships
10:25:40.155 [main] DEBUG - Save part 'docProps/app.xml'
10:25:40.155 [main] DEBUG - Save part 'docProps/core.xml'
10:25:40.157 [main] DEBUG - Save part 'xl/sharedStrings.xml'
10:25:40.158 [main] DEBUG - Save part 'xl/styles.xml'
10:25:40.158 [main] DEBUG - Save part 'xl/theme/theme1.xml'
10:25:40.158 [main] DEBUG - Save part 'xl/workbook.xml'
10:25:40.160 [main] DEBUG - Save part 'xl/worksheets/sheet1.xml'
10:25:40.169 [main] DEBUG - Parsing relationship: /xl/_rels/workbook.xml.rels
10:25:40.170 [main] DEBUG - Parsing relationship: /_rels/.rels
10:25:40.193 [main] DEBUG - Save content types part
10:25:40.194 [main] DEBUG - Save package relationships
10:25:40.195 [main] DEBUG - Save part 'docProps/app.xml'
10:25:40.195 [main] DEBUG - Save part 'docProps/core.xml'
10:25:40.196 [main] DEBUG - Save part 'xl/sharedStrings.xml'
10:25:40.197 [main] DEBUG - Save part 'xl/styles.xml'
10:25:40.198 [main] DEBUG - Save part 'xl/theme/theme1.xml'
10:25:40.199 [main] DEBUG - Save part 'xl/workbook.xml'
10:25:40.201 [main] DEBUG - Save part 'xl/worksheets/sheet1.xml'
10:25:40.296 [main] DEBUG - Parsing relationship: /xl/_rels/workbook.xml.rels
10:25:40.296 [main] DEBUG - Parsing relationship: /_rels/.rels
10:25:40.309 [main] DEBUG - Save content types part
10:25:40.311 [main] DEBUG - Save package relationships
10:25:40.312 [main] DEBUG - Save part 'docProps/app.xml'
10:25:40.312 [main] DEBUG - Save part 'docProps/core.xml'
10:25:40.314 [main] DEBUG - Save part 'xl/sharedStrings.xml'
10:25:40.315 [main] DEBUG - Save part 'xl/styles.xml'
10:25:40.316 [main] DEBUG - Save part 'xl/theme/theme1.xml'
10:25:40.316 [main] DEBUG - Save part 'xl/workbook.xml'
10:25:40.318 [main] DEBUG - Save part 'xl/worksheets/sheet1.xml'
10:25:40.322 [main] DEBUG - Parsing relationship: /xl/_rels/workbook.xml.rels
10:25:40.323 [main] DEBUG - Parsing relationship: /_rels/.rels
10:25:40.339 [main] DEBUG - Save content types part
10:25:40.341 [main] DEBUG - Save package relationships
10:25:40.342 [main] DEBUG - Save part 'docProps/app.xml'
10:25:40.342 [main] DEBUG - Save part 'docProps/core.xml'
10:25:40.343 [main] DEBUG - Save part 'xl/sharedStrings.xml'
10:25:40.344 [main] DEBUG - Save part 'xl/styles.xml'
10:25:40.344 [main] DEBUG - Save part 'xl/theme/theme1.xml'
10:25:40.344 [main] DEBUG - Save part 'xl/workbook.xml'
10:25:40.345 [main] DEBUG - Save part 'xl/worksheets/sheet1.xml'
10:25:40.463 [main] DEBUG - Parsing relationship: /xl/_rels/workbook.xml.rels
10:25:40.464 [main] DEBUG - Parsing relationship: /_rels/.rels
10:25:40.490 [main] DEBUG - Save content types part
10:25:40.492 [main] DEBUG - Save package relationships
10:25:40.493 [main] DEBUG - Save part 'docProps/app.xml'
10:25:40.493 [main] DEBUG - Save part 'docProps/core.xml'
10:25:40.496 [main] DEBUG - Save part 'xl/sharedStrings.xml'
10:25:40.496 [main] DEBUG - Save part 'xl/styles.xml'
10:25:40.497 [main] DEBUG - Save part 'xl/theme/theme1.xml'
10:25:40.497 [main] DEBUG - Save part 'xl/workbook.xml'
10:25:40.501 [main] DEBUG - Save part 'xl/worksheets/sheet1.xml'
10:25:40.507 [main] DEBUG - Parsing relationship: /xl/_rels/workbook.xml.rels
10:25:40.508 [main] DEBUG - Parsing relationship: /_rels/.rels
10:25:40.536 [main] DEBUG - Save content types part
10:25:40.539 [main] DEBUG - Save package relationships
10:25:40.541 [main] DEBUG - Save part 'docProps/app.xml'
10:25:40.541 [main] DEBUG - Save part 'docProps/core.xml'
10:25:40.543 [main] DEBUG - Save part 'xl/sharedStrings.xml'
10:25:40.544 [main] DEBUG - Save part 'xl/styles.xml'
10:25:40.544 [main] DEBUG - Save part 'xl/theme/theme1.xml'
10:25:40.545 [main] DEBUG - Save part 'xl/workbook.xml'
10:25:40.547 [main] DEBUG - Save part 'xl/worksheets/sheet1.xml'
10:25:40.610 [main] DEBUG - Parsing relationship: /xl/_rels/workbook.xml.rels
10:25:40.611 [main] DEBUG - Parsing relationship: /_rels/.rels
10:25:40.644 [main] DEBUG - Save content types part
10:25:40.646 [main] DEBUG - Save package relationships
10:25:40.651 [main] DEBUG - Save part 'docProps/app.xml'
10:25:40.652 [main] DEBUG - Save part 'docProps/core.xml'
10:25:40.655 [main] DEBUG - Save part 'xl/sharedStrings.xml'
10:25:40.656 [main] DEBUG - Save part 'xl/styles.xml'
10:25:40.657 [main] DEBUG - Save part 'xl/theme/theme1.xml'
10:25:40.658 [main] DEBUG - Save part 'xl/workbook.xml'
10:25:40.660 [main] DEBUG - Save part 'xl/worksheets/sheet1.xml'
10:25:40.670 [main] DEBUG - Parsing relationship: /xl/_rels/workbook.xml.rels
10:25:40.671 [main] DEBUG - Parsing relationship: /_rels/.rels
10:25:40.702 [main] DEBUG - Save content types part
10:25:40.704 [main] DEBUG - Save package relationships
10:25:40.706 [main] DEBUG - Save part 'docProps/app.xml'
10:25:40.707 [main] DEBUG - Save part 'docProps/core.xml'
10:25:40.709 [main] DEBUG - Save part 'xl/sharedStrings.xml'
10:25:40.710 [main] DEBUG - Save part 'xl/styles.xml'
10:25:40.711 [main] DEBUG - Save part 'xl/theme/theme1.xml'
10:25:40.711 [main] DEBUG - Save part 'xl/workbook.xml'
10:25:40.714 [main] DEBUG - Save part 'xl/worksheets/sheet1.xml'
10:25:40.778 [main] DEBUG - Parsing relationship: /xl/_rels/workbook.xml.rels
10:25:40.778 [main] DEBUG - Parsing relationship: /_rels/.rels
10:25:40.798 [main] DEBUG - Save content types part
10:25:40.800 [main] DEBUG - Save package relationships
10:25:40.802 [main] DEBUG - Save part 'docProps/app.xml'
10:25:40.803 [main] DEBUG - Save part 'docProps/core.xml'
10:25:40.805 [main] DEBUG - Save part 'xl/sharedStrings.xml'
10:25:40.806 [main] DEBUG - Save part 'xl/styles.xml'
10:25:40.806 [main] DEBUG - Save part 'xl/theme/theme1.xml'
10:25:40.807 [main] DEBUG - Save part 'xl/workbook.xml'
10:25:40.808 [main] DEBUG - Save part 'xl/worksheets/sheet1.xml'
10:25:40.815 [main] DEBUG - Parsing relationship: /xl/_rels/workbook.xml.rels
10:25:40.816 [main] DEBUG - Parsing relationship: /_rels/.rels
10:25:40.834 [main] DEBUG - Save content types part
10:25:40.836 [main] DEBUG - Save package relationships
10:25:40.838 [main] DEBUG - Save part 'docProps/app.xml'
10:25:40.839 [main] DEBUG - Save part 'docProps/core.xml'
10:25:40.841 [main] DEBUG - Save part 'xl/sharedStrings.xml'
10:25:40.841 [main] DEBUG - Save part 'xl/styles.xml'
10:25:40.842 [main] DEBUG - Save part 'xl/theme/theme1.xml'
10:25:40.842 [main] DEBUG - Save part 'xl/workbook.xml'
10:25:40.844 [main] DEBUG - Save part 'xl/worksheets/sheet1.xml'
10:25:40.898 [main] DEBUG - Parsing relationship: /xl/_rels/workbook.xml.rels
10:25:40.899 [main] DEBUG - Parsing relationship: /_rels/.rels
10:25:40.915 [main] DEBUG - Save content types part
10:25:40.917 [main] DEBUG - Save package relationships
10:25:40.919 [main] DEBUG - Save part 'docProps/app.xml'
10:25:40.919 [main] DEBUG - Save part 'docProps/core.xml'
10:25:40.921 [main] DEBUG - Save part 'xl/sharedStrings.xml'
10:25:40.922 [main] DEBUG - Save part 'xl/styles.xml'
10:25:40.922 [main] DEBUG - Save part 'xl/theme/theme1.xml'
10:25:40.923 [main] DEBUG - Save part 'xl/workbook.xml'
10:25:40.925 [main] DEBUG - Save part 'xl/worksheets/sheet1.xml'
10:25:40.931 [main] DEBUG - Parsing relationship: /xl/_rels/workbook.xml.rels
10:25:40.932 [main] DEBUG - Parsing relationship: /_rels/.rels
10:25:40.951 [main] DEBUG - Save content types part
10:25:40.953 [main] DEBUG - Save package relationships
10:25:40.955 [main] DEBUG - Save part 'docProps/app.xml'
10:25:40.955 [main] DEBUG - Save part 'docProps/core.xml'
10:25:40.957 [main] DEBUG - Save part 'xl/sharedStrings.xml'
10:25:40.957 [main] DEBUG - Save part 'xl/styles.xml'
10:25:40.957 [main] DEBUG - Save part 'xl/theme/theme1.xml'
10:25:40.958 [main] DEBUG - Save part 'xl/workbook.xml'
10:25:40.959 [main] DEBUG - Save part 'xl/worksheets/sheet1.xml'
10:25:41.008 [main] DEBUG - Parsing relationship: /xl/_rels/workbook.xml.rels
10:25:41.008 [main] DEBUG - Parsing relationship: /_rels/.rels
10:25:41.028 [main] DEBUG - Save content types part
10:25:41.030 [main] DEBUG - Save package relationships
10:25:41.031 [main] DEBUG - Save part 'docProps/app.xml'
10:25:41.031 [main] DEBUG - Save part 'docProps/core.xml'
10:25:41.033 [main] DEBUG - Save part 'xl/sharedStrings.xml'
10:25:41.034 [main] DEBUG - Save part 'xl/styles.xml'
10:25:41.034 [main] DEBUG - Save part 'xl/theme/theme1.xml'
10:25:41.034 [main] DEBUG - Save part 'xl/workbook.xml'
10:25:41.036 [main] DEBUG - Save part 'xl/worksheets/sheet1.xml'
10:25:41.041 [main] DEBUG - Parsing relationship: /xl/_rels/workbook.xml.rels
10:25:41.042 [main] DEBUG - Parsing relationship: /_rels/.rels
10:25:41.057 [main] DEBUG - Save content types part
10:25:41.058 [main] DEBUG - Save package relationships
10:25:41.059 [main] DEBUG - Save part 'docProps/app.xml'
10:25:41.059 [main] DEBUG - Save part 'docProps/core.xml'
10:25:41.061 [main] DEBUG - Save part 'xl/sharedStrings.xml'
10:25:41.061 [main] DEBUG - Save part 'xl/styles.xml'
10:25:41.061 [main] DEBUG - Save part 'xl/theme/theme1.xml'
10:25:41.062 [main] DEBUG - Save part 'xl/workbook.xml'
10:25:41.063 [main] DEBUG - Save part 'xl/worksheets/sheet1.xml'
10:25:41.122 [main] DEBUG - Parsing relationship: /xl/_rels/workbook.xml.rels
10:25:41.123 [main] DEBUG - Parsing relationship: /_rels/.rels
10:25:41.141 [main] DEBUG - Save content types part
10:25:41.143 [main] DEBUG - Save package relationships
10:25:41.144 [main] DEBUG - Save part 'docProps/app.xml'
10:25:41.144 [main] DEBUG - Save part 'docProps/core.xml'
10:25:41.146 [main] DEBUG - Save part 'xl/sharedStrings.xml'
10:25:41.146 [main] DEBUG - Save part 'xl/styles.xml'
10:25:41.147 [main] DEBUG - Save part 'xl/theme/theme1.xml'
10:25:41.147 [main] DEBUG - Save part 'xl/workbook.xml'
10:25:41.149 [main] DEBUG - Save part 'xl/worksheets/sheet1.xml'
10:25:41.156 [main] DEBUG - Parsing relationship: /xl/_rels/workbook.xml.rels
10:25:41.156 [main] DEBUG - Parsing relationship: /_rels/.rels
10:25:41.173 [main] DEBUG - Save content types part
10:25:41.174 [main] DEBUG - Save package relationships
10:25:41.175 [main] DEBUG - Save part 'docProps/app.xml'
10:25:41.176 [main] DEBUG - Save part 'docProps/core.xml'
10:25:41.177 [main] DEBUG - Save part 'xl/sharedStrings.xml'
10:25:41.177 [main] DEBUG - Save part 'xl/styles.xml'
10:25:41.178 [main] DEBUG - Save part 'xl/theme/theme1.xml'
10:25:41.178 [main] DEBUG - Save part 'xl/workbook.xml'
10:25:41.179 [main] DEBUG - Save part 'xl/worksheets/sheet1.xml'
10:25:41.239 [main] DEBUG - Parsing relationship: /xl/_rels/workbook.xml.rels
10:25:41.240 [main] DEBUG - Parsing relationship: /_rels/.rels
10:25:41.254 [main] DEBUG - Save content types part
10:25:41.255 [main] DEBUG - Save package relationships
10:25:41.256 [main] DEBUG - Save part 'docProps/app.xml'
10:25:41.257 [main] DEBUG - Save part 'docProps/core.xml'
10:25:41.258 [main] DEBUG - Save part 'xl/sharedStrings.xml'
10:25:41.258 [main] DEBUG - Save part 'xl/styles.xml'
10:25:41.259 [main] DEBUG - Save part 'xl/theme/theme1.xml'
10:25:41.259 [main] DEBUG - Save part 'xl/workbook.xml'
10:25:41.260 [main] DEBUG - Save part 'xl/worksheets/sheet1.xml'
10:25:41.266 [main] DEBUG - Parsing relationship: /xl/_rels/workbook.xml.rels
10:25:41.266 [main] DEBUG - Parsing relationship: /_rels/.rels
10:25:41.285 [main] DEBUG - Save content types part
10:25:41.287 [main] DEBUG - Save package relationships
10:25:41.288 [main] DEBUG - Save part 'docProps/app.xml'
10:25:41.289 [main] DEBUG - Save part 'docProps/core.xml'
10:25:41.290 [main] DEBUG - Save part 'xl/sharedStrings.xml'
10:25:41.291 [main] DEBUG - Save part 'xl/styles.xml'
10:25:41.291 [main] DEBUG - Save part 'xl/theme/theme1.xml'
10:25:41.291 [main] DEBUG - Save part 'xl/workbook.xml'
10:25:41.292 [main] DEBUG - Save part 'xl/worksheets/sheet1.xml'
10:25:41.338 [main] DEBUG - Parsing relationship: /xl/_rels/workbook.xml.rels
10:25:41.338 [main] DEBUG - Parsing relationship: /_rels/.rels
10:25:41.353 [main] DEBUG - Save content types part
10:25:41.354 [main] DEBUG - Save package relationships
10:25:41.355 [main] DEBUG - Save part 'docProps/app.xml'
10:25:41.356 [main] DEBUG - Save part 'docProps/core.xml'
10:25:41.357 [main] DEBUG - Save part 'xl/sharedStrings.xml'
10:25:41.357 [main] DEBUG - Save part 'xl/styles.xml'
10:25:41.357 [main] DEBUG - Save part 'xl/theme/theme1.xml'
10:25:41.358 [main] DEBUG - Save part 'xl/workbook.xml'
10:25:41.359 [main] DEBUG - Save part 'xl/worksheets/sheet1.xml'
10:25:41.363 [main] DEBUG - Parsing relationship: /xl/_rels/workbook.xml.rels
10:25:41.364 [main] DEBUG - Parsing relationship: /_rels/.rels
10:25:41.378 [main] DEBUG - Save content types part
10:25:41.379 [main] DEBUG - Save package relationships
10:25:41.380 [main] DEBUG - Save part 'docProps/app.xml'
10:25:41.381 [main] DEBUG - Save part 'docProps/core.xml'
10:25:41.381 [main] DEBUG - Save part 'xl/sharedStrings.xml'
10:25:41.383 [main] DEBUG - Save part 'xl/styles.xml'
10:25:41.384 [main] DEBUG - Save part 'xl/theme/theme1.xml'
10:25:41.384 [main] DEBUG - Save part 'xl/workbook.xml'
10:25:41.386 [main] DEBUG - Save part 'xl/worksheets/sheet1.xml'
10:25:41.440 [main] DEBUG - Parsing relationship: /xl/_rels/workbook.xml.rels
10:25:41.440 [main] DEBUG - Parsing relationship: /_rels/.rels
10:25:41.454 [main] DEBUG - Save content types part
10:25:41.456 [main] DEBUG - Save package relationships
10:25:41.456 [main] DEBUG - Save part 'docProps/app.xml'
10:25:41.457 [main] DEBUG - Save part 'docProps/core.xml'
10:25:41.457 [main] DEBUG - Save part 'xl/sharedStrings.xml'
10:25:41.458 [main] DEBUG - Save part 'xl/styles.xml'
10:25:41.458 [main] DEBUG - Save part 'xl/theme/theme1.xml'
10:25:41.459 [main] DEBUG - Save part 'xl/workbook.xml'
10:25:41.459 [main] DEBUG - Save part 'xl/worksheets/sheet1.xml'
10:25:41.466 [main] DEBUG - Parsing relationship: /xl/_rels/workbook.xml.rels
10:25:41.467 [main] DEBUG - Parsing relationship: /_rels/.rels
10:25:41.482 [main] DEBUG - Save content types part
10:25:41.483 [main] DEBUG - Save package relationships
10:25:41.485 [main] DEBUG - Save part 'docProps/app.xml'
10:25:41.485 [main] DEBUG - Save part 'docProps/core.xml'
10:25:41.486 [main] DEBUG - Save part 'xl/sharedStrings.xml'
10:25:41.487 [main] DEBUG - Save part 'xl/styles.xml'
10:25:41.487 [main] DEBUG - Save part 'xl/theme/theme1.xml'
10:25:41.487 [main] DEBUG - Save part 'xl/workbook.xml'
10:25:41.488 [main] DEBUG - Save part 'xl/worksheets/sheet1.xml'
10:25:41.536 [main] DEBUG - Parsing relationship: /xl/_rels/workbook.xml.rels
10:25:41.537 [main] DEBUG - Parsing relationship: /_rels/.rels
10:25:41.552 [main] DEBUG - Save content types part
10:25:41.554 [main] DEBUG - Save package relationships
10:25:41.555 [main] DEBUG - Save part 'docProps/app.xml'
10:25:41.556 [main] DEBUG - Save part 'docProps/core.xml'
10:25:41.557 [main] DEBUG - Save part 'xl/sharedStrings.xml'
10:25:41.558 [main] DEBUG - Save part 'xl/styles.xml'
10:25:41.558 [main] DEBUG - Save part 'xl/theme/theme1.xml'
10:25:41.559 [main] DEBUG - Save part 'xl/workbook.xml'
10:25:41.560 [main] DEBUG - Save part 'xl/worksheets/sheet1.xml'
10:25:41.565 [main] DEBUG - Parsing relationship: /xl/_rels/workbook.xml.rels
10:25:41.565 [main] DEBUG - Parsing relationship: /_rels/.rels
10:25:41.582 [main] DEBUG - Save content types part
10:25:41.584 [main] DEBUG - Save package relationships
10:25:41.586 [main] DEBUG - Save part 'docProps/app.xml'
10:25:41.586 [main] DEBUG - Save part 'docProps/core.xml'
10:25:41.588 [main] DEBUG - Save part 'xl/sharedStrings.xml'
10:25:41.589 [main] DEBUG - Save part 'xl/styles.xml'
10:25:41.589 [main] DEBUG - Save part 'xl/theme/theme1.xml'
10:25:41.590 [main] DEBUG - Save part 'xl/workbook.xml'
10:25:41.591 [main] DEBUG - Save part 'xl/worksheets/sheet1.xml'
10:25:41.638 [main] DEBUG - Parsing relationship: /xl/_rels/workbook.xml.rels
10:25:41.639 [main] DEBUG - Parsing relationship: /_rels/.rels
10:25:41.652 [main] DEBUG - Save content types part
10:25:41.653 [main] DEBUG - Save package relationships
10:25:41.654 [main] DEBUG - Save part 'docProps/app.xml'
10:25:41.655 [main] DEBUG - Save part 'docProps/core.xml'
10:25:41.656 [main] DEBUG - Save part 'xl/sharedStrings.xml'
10:25:41.656 [main] DEBUG - Save part 'xl/styles.xml'
10:25:41.657 [main] DEBUG - Save part 'xl/theme/theme1.xml'
10:25:41.657 [main] DEBUG - Save part 'xl/workbook.xml'
10:25:41.658 [main] DEBUG - Save part 'xl/worksheets/sheet1.xml'
10:25:41.661 [main] DEBUG - Parsing relationship: /xl/_rels/workbook.xml.rels
10:25:41.662 [main] DEBUG - Parsing relationship: /_rels/.rels
10:25:41.674 [main] DEBUG - Save content types part
10:25:41.675 [main] DEBUG - Save package relationships
10:25:41.676 [main] DEBUG - Save part 'docProps/app.xml'
10:25:41.676 [main] DEBUG - Save part 'docProps/core.xml'
10:25:41.677 [main] DEBUG - Save part 'xl/sharedStrings.xml'
10:25:41.677 [main] DEBUG - Save part 'xl/styles.xml'
10:25:41.678 [main] DEBUG - Save part 'xl/theme/theme1.xml'
10:25:41.678 [main] DEBUG - Save part 'xl/workbook.xml'
10:25:41.679 [main] DEBUG - Save part 'xl/worksheets/sheet1.xml'
10:25:41.727 [main] DEBUG - Parsing relationship: /xl/_rels/workbook.xml.rels
10:25:41.727 [main] DEBUG - Parsing relationship: /_rels/.rels
10:25:41.743 [main] DEBUG - Save content types part
10:25:41.745 [main] DEBUG - Save package relationships
10:25:41.746 [main] DEBUG - Save part 'docProps/app.xml'
10:25:41.746 [main] DEBUG - Save part 'docProps/core.xml'
10:25:41.747 [main] DEBUG - Save part 'xl/sharedStrings.xml'
10:25:41.748 [main] DEBUG - Save part 'xl/styles.xml'
10:25:41.748 [main] DEBUG - Save part 'xl/theme/theme1.xml'
10:25:41.748 [main] DEBUG - Save part 'xl/workbook.xml'
10:25:41.750 [main] DEBUG - Save part 'xl/worksheets/sheet1.xml'
10:25:41.755 [main] DEBUG - Parsing relationship: /xl/_rels/workbook.xml.rels
10:25:41.755 [main] DEBUG - Parsing relationship: /_rels/.rels
10:25:41.773 [main] DEBUG - Save content types part
10:25:41.774 [main] DEBUG - Save package relationships
10:25:41.775 [main] DEBUG - Save part 'docProps/app.xml'
10:25:41.775 [main] DEBUG - Save part 'docProps/core.xml'
10:25:41.776 [main] DEBUG - Save part 'xl/sharedStrings.xml'
10:25:41.777 [main] DEBUG - Save part 'xl/styles.xml'
10:25:41.777 [main] DEBUG - Save part 'xl/theme/theme1.xml'
10:25:41.777 [main] DEBUG - Save part 'xl/workbook.xml'
10:25:41.778 [main] DEBUG - Save part 'xl/worksheets/sheet1.xml'
10:25:41.835 [main] DEBUG - Parsing relationship: /xl/_rels/workbook.xml.rels
10:25:41.835 [main] DEBUG - Parsing relationship: /_rels/.rels
10:25:41.850 [main] DEBUG - Save content types part
10:25:41.852 [main] DEBUG - Save package relationships
10:25:41.854 [main] DEBUG - Save part 'docProps/app.xml'
10:25:41.855 [main] DEBUG - Save part 'docProps/core.xml'
10:25:41.856 [main] DEBUG - Save part 'xl/sharedStrings.xml'
10:25:41.857 [main] DEBUG - Save part 'xl/styles.xml'
10:25:41.857 [main] DEBUG - Save part 'xl/theme/theme1.xml'
10:25:41.857 [main] DEBUG - Save part 'xl/workbook.xml'
10:25:41.859 [main] DEBUG - Save part 'xl/worksheets/sheet1.xml'
10:25:41.863 [main] DEBUG - Parsing relationship: /xl/_rels/workbook.xml.rels
10:25:41.864 [main] DEBUG - Parsing relationship: /_rels/.rels
10:25:41.877 [main] DEBUG - Save content types part
10:25:41.879 [main] DEBUG - Save package relationships
10:25:41.879 [main] DEBUG - Save part 'docProps/app.xml'
10:25:41.880 [main] DEBUG - Save part 'docProps/core.xml'
10:25:41.882 [main] DEBUG - Save part 'xl/sharedStrings.xml'
10:25:41.882 [main] DEBUG - Save part 'xl/styles.xml'
10:25:41.883 [main] DEBUG - Save part 'xl/theme/theme1.xml'
10:25:41.883 [main] DEBUG - Save part 'xl/workbook.xml'
10:25:41.885 [main] DEBUG - Save part 'xl/worksheets/sheet1.xml'
10:25:41.923 [main] DEBUG - Parsing relationship: /xl/_rels/workbook.xml.rels
10:25:41.923 [main] DEBUG - Parsing relationship: /_rels/.rels
10:25:41.935 [main] DEBUG - Save content types part
10:25:41.936 [main] DEBUG - Save package relationships
10:25:41.937 [main] DEBUG - Save part 'docProps/app.xml'
10:25:41.937 [main] DEBUG - Save part 'docProps/core.xml'
10:25:41.938 [main] DEBUG - Save part 'xl/sharedStrings.xml'
10:25:41.938 [main] DEBUG - Save part 'xl/styles.xml'
10:25:41.939 [main] DEBUG - Save part 'xl/theme/theme1.xml'
10:25:41.939 [main] DEBUG - Save part 'xl/workbook.xml'
10:25:41.940 [main] DEBUG - Save part 'xl/worksheets/sheet1.xml'
10:25:41.943 [main] DEBUG - Parsing relationship: /xl/_rels/workbook.xml.rels
10:25:41.943 [main] DEBUG - Parsing relationship: /_rels/.rels
10:25:41.956 [main] DEBUG - Save content types part
10:25:41.957 [main] DEBUG - Save package relationships
10:25:41.958 [main] DEBUG - Save part 'docProps/app.xml'
10:25:41.958 [main] DEBUG - Save part 'docProps/core.xml'
10:25:41.960 [main] DEBUG - Save part 'xl/sharedStrings.xml'
10:25:41.960 [main] DEBUG - Save part 'xl/styles.xml'
10:25:41.960 [main] DEBUG - Save part 'xl/theme/theme1.xml'
10:25:41.961 [main] DEBUG - Save part 'xl/workbook.xml'
10:25:41.962 [main] DEBUG - Save part 'xl/worksheets/sheet1.xml'
10:25:42.000 [main] DEBUG - Parsing relationship: /xl/_rels/workbook.xml.rels
10:25:42.001 [main] DEBUG - Parsing relationship: /_rels/.rels
10:25:42.011 [main] DEBUG - Save content types part
10:25:42.012 [main] DEBUG - Save package relationships
10:25:42.013 [main] DEBUG - Save part 'docProps/app.xml'
10:25:42.013 [main] DEBUG - Save part 'docProps/core.xml'
10:25:42.014 [main] DEBUG - Save part 'xl/sharedStrings.xml'
10:25:42.015 [main] DEBUG - Save part 'xl/styles.xml'
10:25:42.015 [main] DEBUG - Save part 'xl/theme/theme1.xml'
10:25:42.015 [main] DEBUG - Save part 'xl/workbook.xml'
10:25:42.016 [main] DEBUG - Save part 'xl/worksheets/sheet1.xml'
10:25:42.020 [main] DEBUG - Parsing relationship: /xl/_rels/workbook.xml.rels
10:25:42.021 [main] DEBUG - Parsing relationship: /_rels/.rels
10:25:42.032 [main] DEBUG - Save content types part
10:25:42.033 [main] DEBUG - Save package relationships
10:25:42.034 [main] DEBUG - Save part 'docProps/app.xml'
10:25:42.034 [main] DEBUG - Save part 'docProps/core.xml'
10:25:42.035 [main] DEBUG - Save part 'xl/sharedStrings.xml'
10:25:42.035 [main] DEBUG - Save part 'xl/styles.xml'
10:25:42.035 [main] DEBUG - Save part 'xl/theme/theme1.xml'
10:25:42.036 [main] DEBUG - Save part 'xl/workbook.xml'
10:25:42.037 [main] DEBUG - Save part 'xl/worksheets/sheet1.xml'
10:25:42.072 [main] DEBUG - Parsing relationship: /xl/_rels/workbook.xml.rels
10:25:42.073 [main] DEBUG - Parsing relationship: /_rels/.rels
10:25:42.084 [main] DEBUG - Save content types part
10:25:42.085 [main] DEBUG - Save package relationships
10:25:42.086 [main] DEBUG - Save part 'docProps/app.xml'
10:25:42.086 [main] DEBUG - Save part 'docProps/core.xml'
10:25:42.087 [main] DEBUG - Save part 'xl/sharedStrings.xml'
10:25:42.088 [main] DEBUG - Save part 'xl/styles.xml'
10:25:42.088 [main] DEBUG - Save part 'xl/theme/theme1.xml'
10:25:42.088 [main] DEBUG - Save part 'xl/workbook.xml'
10:25:42.089 [main] DEBUG - Save part 'xl/worksheets/sheet1.xml'
10:25:42.093 [main] DEBUG - Parsing relationship: /xl/_rels/workbook.xml.rels
10:25:42.093 [main] DEBUG - Parsing relationship: /_rels/.rels
10:25:42.109 [main] DEBUG - Save content types part
10:25:42.110 [main] DEBUG - Save package relationships
10:25:42.111 [main] DEBUG - Save part 'docProps/app.xml'
10:25:42.111 [main] DEBUG - Save part 'docProps/core.xml'
10:25:42.112 [main] DEBUG - Save part 'xl/sharedStrings.xml'
10:25:42.112 [main] DEBUG - Save part 'xl/styles.xml'
10:25:42.113 [main] DEBUG - Save part 'xl/theme/theme1.xml'
10:25:42.113 [main] DEBUG - Save part 'xl/workbook.xml'
10:25:42.115 [main] DEBUG - Save part 'xl/worksheets/sheet1.xml'
10:25:42.325 [main] INFO  - ^^^^^^^^^^Navigating to the health and wealth Page^^^^^^^^^^^^^
10:25:50.556 [main] INFO  - Valid name provided: JVKNT
10:25:53.626 [main] DEBUG - Parsing relationship: /xl/_rels/workbook.xml.rels
10:25:53.626 [main] DEBUG - Parsing relationship: /_rels/.rels
10:25:53.633 [main] DEBUG - Save content types part
10:25:53.634 [main] DEBUG - Save package relationships
10:25:53.635 [main] DEBUG - Save part 'docProps/app.xml'
10:25:53.635 [main] DEBUG - Save part 'docProps/core.xml'
10:25:53.635 [main] DEBUG - Save part 'xl/sharedStrings.xml'
10:25:53.636 [main] DEBUG - Save part 'xl/styles.xml'
10:25:53.636 [main] DEBUG - Save part 'xl/theme/theme1.xml'
10:25:53.636 [main] DEBUG - Save part 'xl/workbook.xml'
10:25:53.636 [main] DEBUG - Save part 'xl/worksheets/sheet1.xml'
10:25:53.639 [main] DEBUG - Parsing relationship: /xl/_rels/workbook.xml.rels
10:25:53.639 [main] DEBUG - Parsing relationship: /_rels/.rels
10:25:53.647 [main] DEBUG - Save content types part
10:25:53.647 [main] DEBUG - Save package relationships
10:25:53.648 [main] DEBUG - Save part 'docProps/app.xml'
10:25:53.648 [main] DEBUG - Save part 'docProps/core.xml'
10:25:53.649 [main] DEBUG - Save part 'xl/sharedStrings.xml'
10:25:53.649 [main] DEBUG - Save part 'xl/styles.xml'
10:25:53.649 [main] DEBUG - Save part 'xl/theme/theme1.xml'
10:25:53.649 [main] DEBUG - Save part 'xl/workbook.xml'
10:25:53.650 [main] DEBUG - Save part 'xl/worksheets/sheet1.xml'
10:25:53.823 [main] INFO  - Valid organization name provided: CCXQU
10:25:53.888 [main] DEBUG - Parsing relationship: /xl/_rels/workbook.xml.rels
10:25:53.888 [main] DEBUG - Parsing relationship: /_rels/.rels
10:25:53.896 [main] DEBUG - Save content types part
10:25:53.897 [main] DEBUG - Save package relationships
10:25:53.898 [main] DEBUG - Save part 'docProps/app.xml'
10:25:53.898 [main] DEBUG - Save part 'docProps/core.xml'
10:25:53.898 [main] DEBUG - Save part 'xl/sharedStrings.xml'
10:25:53.899 [main] DEBUG - Save part 'xl/styles.xml'
10:25:53.899 [main] DEBUG - Save part 'xl/theme/theme1.xml'
10:25:53.899 [main] DEBUG - Save part 'xl/workbook.xml'
10:25:53.900 [main] DEBUG - Save part 'xl/worksheets/sheet1.xml'
10:25:53.903 [main] DEBUG - Parsing relationship: /xl/_rels/workbook.xml.rels
10:25:53.903 [main] DEBUG - Parsing relationship: /_rels/.rels
10:25:53.912 [main] DEBUG - Save content types part
10:25:53.912 [main] DEBUG - Save package relationships
10:25:53.913 [main] DEBUG - Save part 'docProps/app.xml'
10:25:53.913 [main] DEBUG - Save part 'docProps/core.xml'
