23:05:25.287 [main] DEBUG - Save part 'xl/theme/theme1.xml'
23:05:25.304 [main] DEBUG - Save part 'xl/workbook.xml'
23:05:25.306 [main] DEBUG - Save part 'xl/worksheets/sheet1.xml'
23:05:25.316 [main] DEBUG - Parsing relationship: /xl/_rels/workbook.xml.rels
23:05:25.318 [main] DEBUG - Parsing relationship: /_rels/.rels
23:05:25.345 [main] DEBUG - Save content types part
23:05:25.347 [main] DEBUG - Save package relationships
23:05:25.350 [main] DEBUG - Save part 'docProps/app.xml'
23:05:25.351 [main] DEBUG - Save part 'docProps/core.xml'
23:05:25.354 [main] DEBUG - Save part 'xl/sharedStrings.xml'
23:05:25.355 [main] DEBUG - Save part 'xl/styles.xml'
23:05:25.356 [main] DEBUG - Save part 'xl/theme/theme1.xml'
23:05:25.356 [main] DEBUG - Save part 'xl/workbook.xml'
23:05:25.358 [main] DEBUG - Save part 'xl/worksheets/sheet1.xml'
23:05:25.670 [main] INFO  - ^^^^^^^^^^Navigating to the health and wealth Page^^^^^^^^^^^^^
23:05:31.948 [main] INFO  - Valid name provided: FKEHN
23:05:35.130 [main] DEBUG - Parsing relationship: /xl/_rels/workbook.xml.rels
23:05:35.131 [main] DEBUG - Parsing relationship: /_rels/.rels
23:05:35.141 [main] DEBUG - Save content types part
23:05:35.142 [main] DEBUG - Save package relationships
23:05:35.143 [main] DEBUG - Save part 'docProps/app.xml'
23:05:35.143 [main] DEBUG - Save part 'docProps/core.xml'
23:05:35.143 [main] DEBUG - Save part 'xl/sharedStrings.xml'
23:05:35.144 [main] DEBUG - Save part 'xl/styles.xml'
23:05:35.144 [main] DEBUG - Save part 'xl/theme/theme1.xml'
23:05:35.144 [main] DEBUG - Save part 'xl/workbook.xml'
23:05:35.145 [main] DEBUG - Save part 'xl/worksheets/sheet1.xml'
23:05:35.150 [main] DEBUG - Parsing relationship: /xl/_rels/workbook.xml.rels
23:05:35.150 [main] DEBUG - Parsing relationship: /_rels/.rels
23:05:35.159 [main] DEBUG - Save content types part
23:05:35.161 [main] DEBUG - Save package relationships
23:05:35.161 [main] DEBUG - Save part 'docProps/app.xml'
23:05:35.161 [main] DEBUG - Save part 'docProps/core.xml'
23:05:35.163 [main] DEBUG - Save part 'xl/sharedStrings.xml'
23:05:35.163 [main] DEBUG - Save part 'xl/styles.xml'
23:05:35.163 [main] DEBUG - Save part 'xl/theme/theme1.xml'
23:05:35.164 [main] DEBUG - Save part 'xl/workbook.xml'
23:05:35.165 [main] DEBUG - Save part 'xl/worksheets/sheet1.xml'
23:05:35.409 [main] INFO  - Valid organization name provided: EQAQM
23:05:35.523 [main] DEBUG - Parsing relationship: /xl/_rels/workbook.xml.rels
23:05:35.523 [main] DEBUG - Parsing relationship: /_rels/.rels
23:05:35.533 [main] DEBUG - Save content types part
23:05:35.534 [main] DEBUG - Save package relationships
23:05:35.536 [main] DEBUG - Save part 'docProps/app.xml'
23:05:35.536 [main] DEBUG - Save part 'docProps/core.xml'
23:05:35.538 [main] DEBUG - Save part 'xl/sharedStrings.xml'
23:05:35.538 [main] DEBUG - Save part 'xl/styles.xml'
23:05:35.538 [main] DEBUG - Save part 'xl/theme/theme1.xml'
23:05:35.538 [main] DEBUG - Save part 'xl/workbook.xml'
23:05:35.539 [main] DEBUG - Save part 'xl/worksheets/sheet1.xml'
23:05:35.543 [main] DEBUG - Parsing relationship: /xl/_rels/workbook.xml.rels
23:05:35.544 [main] DEBUG - Parsing relationship: /_rels/.rels
23:05:35.560 [main] DEBUG - Save content types part
23:05:35.561 [main] DEBUG - Save package relationships
23:05:35.561 [main] DEBUG - Save part 'docProps/app.xml'
23:05:35.562 [main] DEBUG - Save part 'docProps/core.xml'
23:05:35.562 [main] DEBUG - Save part 'xl/sharedStrings.xml'
23:05:35.563 [main] DEBUG - Save part 'xl/styles.xml'
23:05:35.563 [main] DEBUG - Save part 'xl/theme/theme1.xml'
23:05:35.563 [main] DEBUG - Save part 'xl/workbook.xml'
23:05:35.564 [main] DEBUG - Save part 'xl/worksheets/sheet1.xml'
23:05:35.832 [main] INFO  - Valid phone number provided: 8473706109
23:05:35.963 [main] DEBUG - Parsing relationship: /xl/_rels/workbook.xml.rels
23:05:35.963 [main] DEBUG - Parsing relationship: /_rels/.rels
23:05:35.978 [main] DEBUG - Save content types part
23:05:35.979 [main] DEBUG - Save package relationships
23:05:35.979 [main] DEBUG - Save part 'docProps/app.xml'
23:05:35.980 [main] DEBUG - Save part 'docProps/core.xml'
23:05:35.981 [main] DEBUG - Save part 'xl/sharedStrings.xml'
23:05:35.981 [main] DEBUG - Save part 'xl/styles.xml'
23:05:35.981 [main] DEBUG - Save part 'xl/theme/theme1.xml'
23:05:35.981 [main] DEBUG - Save part 'xl/workbook.xml'
23:05:35.982 [main] DEBUG - Save part 'xl/worksheets/sheet1.xml'
23:05:35.986 [main] DEBUG - Parsing relationship: /xl/_rels/workbook.xml.rels
23:05:35.986 [main] DEBUG - Parsing relationship: /_rels/.rels
23:05:36.002 [main] DEBUG - Save content types part
23:05:36.004 [main] DEBUG - Save package relationships
23:05:36.004 [main] DEBUG - Save part 'docProps/app.xml'
23:05:36.005 [main] DEBUG - Save part 'docProps/core.xml'
23:05:36.006 [main] DEBUG - Save part 'xl/sharedStrings.xml'
23:05:36.006 [main] DEBUG - Save part 'xl/styles.xml'
23:05:36.006 [main] DEBUG - Save part 'xl/theme/theme1.xml'
23:05:36.007 [main] DEBUG - Save part 'xl/workbook.xml'
23:05:36.008 [main] DEBUG - Save part 'xl/worksheets/sheet1.xml'
23:05:36.266 [main] INFO  - Invalid EmailId provided: yPEuQ861@.com
23:05:36.406 [main] DEBUG - Parsing relationship: /xl/_rels/workbook.xml.rels
23:05:36.406 [main] DEBUG - Parsing relationship: /_rels/.rels
23:05:36.416 [main] DEBUG - Save content types part
23:05:36.417 [main] DEBUG - Save package relationships
23:05:36.418 [main] DEBUG - Save part 'docProps/app.xml'
23:05:36.418 [main] DEBUG - Save part 'docProps/core.xml'
23:05:36.419 [main] DEBUG - Save part 'xl/sharedStrings.xml'
23:05:36.420 [main] DEBUG - Save part 'xl/styles.xml'
23:05:36.420 [main] DEBUG - Save part 'xl/theme/theme1.xml'
23:05:36.420 [main] DEBUG - Save part 'xl/workbook.xml'
23:05:36.421 [main] DEBUG - Save part 'xl/worksheets/sheet1.xml'
23:05:36.427 [main] DEBUG - Parsing relationship: /xl/_rels/workbook.xml.rels
23:05:36.427 [main] DEBUG - Parsing relationship: /_rels/.rels
23:05:36.438 [main] DEBUG - Save content types part
23:05:36.439 [main] DEBUG - Save package relationships
23:05:36.440 [main] DEBUG - Save part 'docProps/app.xml'
23:05:36.440 [main] DEBUG - Save part 'docProps/core.xml'
23:05:36.440 [main] DEBUG - Save part 'xl/sharedStrings.xml'
23:05:36.441 [main] DEBUG - Save part 'xl/styles.xml'
23:05:36.441 [main] DEBUG - Save part 'xl/theme/theme1.xml'
23:05:36.441 [main] DEBUG - Save part 'xl/workbook.xml'
23:05:36.442 [main] DEBUG - Save part 'xl/worksheets/sheet1.xml'
23:05:36.713 [main] INFO  - Reqired Organization got selected
23:05:37.278 [main] INFO  - User selected interested criteria
23:05:37.837 [main] INFO  - Schedule button is diabled
23:05:38.238 [main] INFO  - valid EmailId provided: COgHq307@gmail.com
23:05:38.438 [main] DEBUG - Parsing relationship: /xl/_rels/workbook.xml.rels
23:05:38.439 [main] DEBUG - Parsing relationship: /_rels/.rels
23:05:38.454 [main] DEBUG - Save content types part
23:05:38.455 [main] DEBUG - Save package relationships
23:05:38.456 [main] DEBUG - Save part 'docProps/app.xml'
23:05:38.456 [main] DEBUG - Save part 'docProps/core.xml'
23:05:38.457 [main] DEBUG - Save part 'xl/sharedStrings.xml'
23:05:38.458 [main] DEBUG - Save part 'xl/styles.xml'
23:05:38.458 [main] DEBUG - Save part 'xl/theme/theme1.xml'
23:05:38.458 [main] DEBUG - Save part 'xl/workbook.xml'
23:05:38.460 [main] DEBUG - Save part 'xl/worksheets/sheet1.xml'
23:05:38.465 [main] DEBUG - Parsing relationship: /xl/_rels/workbook.xml.rels
23:05:38.466 [main] DEBUG - Parsing relationship: /_rels/.rels
23:05:38.481 [main] DEBUG - Save content types part
23:05:38.483 [main] DEBUG - Save package relationships
23:05:38.484 [main] DEBUG - Save part 'docProps/app.xml'
23:05:38.484 [main] DEBUG - Save part 'docProps/core.xml'
23:05:38.486 [main] DEBUG - Save part 'xl/sharedStrings.xml'
23:05:38.486 [main] DEBUG - Save part 'xl/styles.xml'
23:05:38.486 [main] DEBUG - Save part 'xl/theme/theme1.xml'
23:05:38.487 [main] DEBUG - Save part 'xl/workbook.xml'
23:05:38.488 [main] DEBUG - Save part 'xl/worksheets/sheet1.xml'
23:05:38.807 [main] INFO  - Validated Schedule button is able
23:05:39.296 [main] INFO  - Thank you message got displayed
23:08:00.325 [main] INFO  - **********************Navigated to Procto Home Page******************
23:08:00.750 [main] INFO  - Cleared Location Search bar
23:08:01.035 [main] INFO  - Window handled to open new window
23:08:03.371 [main] INFO  - Required Location selected: Mumbai
23:08:03.659 [main] DEBUG - Parsing relationship: /xl/_rels/workbook.xml.rels
23:08:03.662 [main] DEBUG - Parsing relationship: /_rels/.rels
23:08:03.837 [main] TRACE - Loading type system org.apache.poi.schemas.ooxml.system.ooxml
23:08:03.840 [main] TRACE - Loading type system org.apache.xmlbeans.metadata.system.sXMLCONFIG
23:08:03.840 [main] TRACE - Loading type system org.apache.xmlbeans.metadata.system.sXMLLANG
23:08:03.840 [main] TRACE - Loading type system org.apache.xmlbeans.metadata.system.sXMLSCHEMA
23:08:03.841 [main] TRACE - Loading type system org.apache.xmlbeans.metadata.system.sXMLTOOLS
23:08:03.843 [main] TRACE - Reading unresolved handles for type system org.apache.xmlbeans.metadata.system.sXMLTOOLS
23:08:03.853 [main] TRACE - Finished loading type system org.apache.xmlbeans.metadata.system.sXMLTOOLS
23:08:03.854 [main] TRACE - Reading unresolved handles for type system org.apache.xmlbeans.metadata.system.sXMLSCHEMA
23:08:03.857 [main] TRACE - Finished loading type system org.apache.xmlbeans.metadata.system.sXMLSCHEMA
23:08:03.858 [main] TRACE - Reading unresolved handles for type system org.apache.xmlbeans.metadata.system.sXMLLANG
23:08:03.860 [main] TRACE - Finished loading type system org.apache.xmlbeans.metadata.system.sXMLLANG
23:08:03.860 [main] TRACE - Reading unresolved handles for type system org.apache.xmlbeans.metadata.system.sXMLCONFIG
23:08:03.861 [main] TRACE - Finished loading type system org.apache.xmlbeans.metadata.system.sXMLCONFIG
23:08:03.862 [main] TRACE - Reading unresolved handles for type system org.apache.poi.schemas.ooxml.system.ooxml
23:08:03.903 [main] TRACE - Finished loading type system org.apache.poi.schemas.ooxml.system.ooxml
23:08:03.904 [main] TRACE - Resolving type for handle themefd26doctype
23:08:03.969 [main] TRACE - Resolving type for handle stylesheet5d8bdoctype
23:08:03.974 [main] TRACE - Resolving type for handle ctstylesheet4257type
23:08:03.978 [main] TRACE - Resolving type for handle ctnumfmtsb58btype
23:08:03.980 [main] TRACE - Resolving type for handle ctfonts6623type
23:08:03.982 [main] TRACE - Resolving type for handle ctfont14d8type
23:08:03.988 [main] TRACE - Resolving type for handle ctfills2c6ftype
23:08:03.990 [main] TRACE - Resolving type for handle ctfill550ctype
23:08:03.996 [main] TRACE - Resolving type for handle ctborders0d66type
23:08:03.999 [main] TRACE - Resolving type for handle ctborderf935type
23:08:04.002 [main] TRACE - Resolving type for handle ctcellxfs1322type
23:08:04.004 [main] TRACE - Resolving type for handle ctxf97f7type
23:08:04.006 [main] TRACE - Resolving type for handle ctcellstylexfsa81ftype
23:08:04.009 [main] TRACE - Resolving type for handle ctdxfsb26atype
23:08:04.012 [main] TRACE - Resolving type for handle cttablestyles872ftype
23:08:04.015 [main] TRACE - Resolving type for handle sstf81fdoctype
23:08:04.021 [main] TRACE - Resolving type for handle ctsst44f3type
23:08:04.033 [main] TRACE - Resolving type for handle ctrsta472type
23:08:04.070 [main] TRACE - Resolving type for handle workbookec17doctype
23:08:04.077 [main] TRACE - Resolving type for handle ctworkbook83c3type
23:08:04.082 [main] TRACE - Resolving type for handle ctsheets49fdtype
23:08:04.084 [main] TRACE - Resolving type for handle ctsheet4dbetype
23:08:04.086 [main] TRACE - Resolving type for handle strelationshipid1e94type
23:08:04.089 [main] TRACE - Resolving type for handle worksheetf539doctype
23:08:04.095 [main] TRACE - Resolving type for handle ctworksheet530dtype
23:08:04.116 [main] TRACE - Resolving type for handle ctsheetdata8408type
23:08:04.121 [main] TRACE - Resolving type for handle ctrowdd39type
23:08:04.125 [main] TRACE - Resolving type for handle ctcell842btype
23:08:04.135 [main] TRACE - Resolving type for handle stcellrefe4e0type
23:08:04.152 [main] TRACE - Resolving type for handle ctcols627ctype
23:08:04.174 [main] TRACE - Resolving type for handle stxstringf179type
23:08:04.187 [main] TRACE - Resolving type for handle stcelltypebf95type
23:08:04.206 [main] TRACE - Resolving type for handle stcellstylexfid70c7type
23:08:04.216 [main] TRACE - Resolving type for handle ctsheetdimensiond310type
23:08:04.221 [main] TRACE - Resolving type for handle stref90a2type
23:08:04.245 [main] TRACE - Resolving type for handle propertiesee84doctype
23:08:04.249 [main] TRACE - Resolving type for handle ctproperties3f10type
23:08:04.263 [main] TRACE - Resolving type for handle properties288cdoctype
23:08:04.266 [main] TRACE - Resolving type for handle ctproperties2c18type
23:08:04.287 [main] DEBUG - Save content types part
23:08:04.380 [main] DEBUG - Save package relationships
23:08:04.387 [main] DEBUG - Save part 'docProps/app.xml'
23:08:04.388 [main] DEBUG - Save part 'docProps/core.xml'
23:08:04.393 [main] DEBUG - Save part 'xl/sharedStrings.xml'
23:08:04.393 [main] DEBUG - Save part 'xl/styles.xml'
23:08:04.394 [main] DEBUG - Save part 'xl/theme/theme1.xml'
23:08:04.394 [main] DEBUG - Save part 'xl/workbook.xml'
23:08:04.396 [main] DEBUG - Save part 'xl/worksheets/sheet1.xml'
23:08:04.408 [main] DEBUG - Parsing relationship: /xl/_rels/workbook.xml.rels
23:08:04.409 [main] DEBUG - Parsing relationship: /_rels/.rels
23:08:04.447 [main] DEBUG - Save content types part
23:08:04.449 [main] DEBUG - Save package relationships
23:08:04.450 [main] DEBUG - Save part 'docProps/app.xml'
23:08:04.451 [main] DEBUG - Save part 'docProps/core.xml'
23:08:04.452 [main] DEBUG - Save part 'xl/sharedStrings.xml'
23:08:04.452 [main] DEBUG - Save part 'xl/styles.xml'
23:08:04.453 [main] DEBUG - Save part 'xl/theme/theme1.xml'
23:08:04.453 [main] DEBUG - Save part 'xl/workbook.xml'
23:08:04.455 [main] DEBUG - Save part 'xl/worksheets/sheet1.xml'
23:08:04.837 [main] INFO  - Required Specialist got selected
23:08:12.446 [main] DEBUG - Parsing relationship: /xl/_rels/workbook.xml.rels
23:08:12.447 [main] DEBUG - Parsing relationship: /_rels/.rels
23:08:12.520 [main] DEBUG - Save content types part
23:08:12.522 [main] DEBUG - Save package relationships
23:08:12.523 [main] DEBUG - Save part 'docProps/app.xml'
23:08:12.524 [main] DEBUG - Save part 'docProps/core.xml'
23:08:12.526 [main] DEBUG - Save part 'xl/sharedStrings.xml'
23:08:12.527 [main] DEBUG - Save part 'xl/styles.xml'
23:08:12.528 [main] DEBUG - Save part 'xl/theme/theme1.xml'
23:08:12.528 [main] DEBUG - Save part 'xl/workbook.xml'
23:08:12.530 [main] DEBUG - Save part 'xl/worksheets/sheet1.xml'
23:08:12.538 [main] DEBUG - Parsing relationship: /xl/_rels/workbook.xml.rels
23:08:12.538 [main] DEBUG - Parsing relationship: /_rels/.rels
23:08:12.570 [main] DEBUG - Save content types part
23:08:12.571 [main] DEBUG - Save package relationships
23:08:12.572 [main] DEBUG - Save part 'docProps/app.xml'
23:08:12.573 [main] DEBUG - Save part 'docProps/core.xml'
23:08:12.574 [main] DEBUG - Save part 'xl/sharedStrings.xml'
23:08:12.574 [main] DEBUG - Save part 'xl/styles.xml'
23:08:12.575 [main] DEBUG - Save part 'xl/theme/theme1.xml'
23:08:12.575 [main] DEBUG - Save part 'xl/workbook.xml'
23:08:12.577 [main] DEBUG - Save part 'xl/worksheets/sheet1.xml'
23:08:23.097 [main] INFO  - Clicked on Experience
23:08:23.213 [main] INFO  - Required Experice for specialist got selected
23:08:24.136 [main] INFO  - All Filters got selected
23:08:24.465 [main] INFO  - Required Fee got selected
23:08:24.796 [main] INFO  - Availability time of Specialist got selected
23:08:25.274 [main] INFO  - Clicked on SortBy
23:08:25.400 [main] INFO  - Required SortBy got selected
23:08:27.513 [main] ERROR - Error selecting sorting option: stale element reference: stale element not found
  (Session info: chrome=120.0.6099.130)
For documentation on this error, please visit: https://www.selenium.dev/documentation/webdriver/troubleshooting/errors#stale-element-reference-exception
Build info: version: '4.15.0', revision: '1d14b5521b'
System info: os.name: 'Windows 11', os.arch: 'amd64', os.version: '10.0', java.version: '17.0.2'
Driver info: org.openqa.selenium.chrome.ChromeDriver
Command: [22402688c859b08072c798b2fc83f501, clickElement {id=1F648BD8EA1F543C5EF3B2A0141403E1_element_104}]
Capabilities {acceptInsecureCerts: false, browserName: chrome, browserVersion: 120.0.6099.130, chrome: {chromedriverVersion: 120.0.6099.109 (3419140ab66..., userDataDir: C:\Windows\SystemTemp\scope...}, fedcm:accounts: true, goog:chromeOptions: {debuggerAddress: localhost:54965}, networkConnectionEnabled: false, pageLoadStrategy: normal, platformName: windows, proxy: Proxy(), se:cdp: ws://localhost:54965/devtoo..., se:cdpVersion: 120.0.6099.130, setWindowRect: true, strictFileInteractability: false, timeouts: {implicit: 0, pageLoad: 300000, script: 30000}, unhandledPromptBehavior: dismiss and notify, webauthn:extension:credBlob: true, webauthn:extension:largeBlob: true, webauthn:extension:minPinLength: true, webauthn:extension:prf: true, webauthn:virtualAuthenticators: true}
Element: [[ChromeDriver: chrome on windows (22402688c859b08072c798b2fc83f501)] -> xpath: //ul[@data-qa-id='sort_by_list']/li]
Session ID: 22402688c859b08072c798b2fc83f501
23:08:27.765 [main] INFO  - Availability of Doctors list Displayed
23:08:27.861 [main] DEBUG - Parsing relationship: /xl/_rels/workbook.xml.rels
23:08:27.862 [main] DEBUG - Parsing relationship: /_rels/.rels
23:08:27.897 [main] DEBUG - Save content types part
23:08:27.900 [main] DEBUG - Save package relationships
23:08:27.902 [main] DEBUG - Save part 'docProps/app.xml'
23:08:27.903 [main] DEBUG - Save part 'docProps/core.xml'
23:08:27.904 [main] DEBUG - Save part 'xl/sharedStrings.xml'
23:08:27.905 [main] DEBUG - Save part 'xl/styles.xml'
23:08:27.905 [main] DEBUG - Save part 'xl/theme/theme1.xml'
23:08:27.905 [main] DEBUG - Save part 'xl/workbook.xml'
23:08:27.908 [main] DEBUG - Save part 'xl/worksheets/sheet1.xml'
23:08:27.917 [main] DEBUG - Parsing relationship: /xl/_rels/workbook.xml.rels
23:08:27.918 [main] DEBUG - Parsing relationship: /_rels/.rels
23:08:27.956 [main] DEBUG - Save content types part
23:08:27.958 [main] DEBUG - Save package relationships
23:08:27.961 [main] DEBUG - Save part 'docProps/app.xml'
23:08:27.961 [main] DEBUG - Save part 'docProps/core.xml'
23:08:27.964 [main] DEBUG - Save part 'xl/sharedStrings.xml'
23:08:27.965 [main] DEBUG - Save part 'xl/styles.xml'
23:08:27.965 [main] DEBUG - Save part 'xl/theme/theme1.xml'
23:08:27.966 [main] DEBUG - Save part 'xl/workbook.xml'
23:08:27.968 [main] DEBUG - Save part 'xl/worksheets/sheet1.xml'
23:08:28.046 [main] DEBUG - Parsing relationship: /xl/_rels/workbook.xml.rels
23:08:28.048 [main] DEBUG - Parsing relationship: /_rels/.rels
23:08:28.093 [main] DEBUG - Save content types part
23:08:28.096 [main] DEBUG - Save package relationships
23:08:28.100 [main] DEBUG - Save part 'docProps/app.xml'
23:08:28.100 [main] DEBUG - Save part 'docProps/core.xml'
23:08:28.104 [main] DEBUG - Save part 'xl/sharedStrings.xml'
23:08:28.105 [main] DEBUG - Save part 'xl/styles.xml'
23:08:28.107 [main] DEBUG - Save part 'xl/theme/theme1.xml'
23:08:28.108 [main] DEBUG - Save part 'xl/workbook.xml'
23:08:28.112 [main] DEBUG - Save part 'xl/worksheets/sheet1.xml'
23:08:28.124 [main] DEBUG - Parsing relationship: /xl/_rels/workbook.xml.rels
23:08:28.126 [main] DEBUG - Parsing relationship: /_rels/.rels
23:08:28.173 [main] DEBUG - Save content types part
23:08:28.175 [main] DEBUG - Save package relationships
23:08:28.178 [main] DEBUG - Save part 'docProps/app.xml'
23:08:28.179 [main] DEBUG - Save part 'docProps/core.xml'
23:08:28.182 [main] DEBUG - Save part 'xl/sharedStrings.xml'
23:08:28.183 [main] DEBUG - Save part 'xl/styles.xml'
23:08:28.183 [main] DEBUG - Save part 'xl/theme/theme1.xml'
23:08:28.184 [main] DEBUG - Save part 'xl/workbook.xml'
23:08:28.187 [main] DEBUG - Save part 'xl/worksheets/sheet1.xml'
23:08:28.258 [main] DEBUG - Parsing relationship: /xl/_rels/workbook.xml.rels
23:08:28.259 [main] DEBUG - Parsing relationship: /_rels/.rels
23:08:28.288 [main] DEBUG - Save content types part
23:08:28.291 [main] DEBUG - Save package relationships
23:08:28.293 [main] DEBUG - Save part 'docProps/app.xml'
23:08:28.293 [main] DEBUG - Save part 'docProps/core.xml'
23:08:28.295 [main] DEBUG - Save part 'xl/sharedStrings.xml'
23:08:28.296 [main] DEBUG - Save part 'xl/styles.xml'
23:08:28.296 [main] DEBUG - Save part 'xl/theme/theme1.xml'
23:08:28.297 [main] DEBUG - Save part 'xl/workbook.xml'
23:08:28.299 [main] DEBUG - Save part 'xl/worksheets/sheet1.xml'
23:08:28.311 [main] DEBUG - Parsing relationship: /xl/_rels/workbook.xml.rels
23:08:28.312 [main] DEBUG - Parsing relationship: /_rels/.rels
23:08:28.345 [main] DEBUG - Save content types part
23:08:28.347 [main] DEBUG - Save package relationships
23:08:28.349 [main] DEBUG - Save part 'docProps/app.xml'
23:08:28.349 [main] DEBUG - Save part 'docProps/core.xml'
23:08:28.350 [main] DEBUG - Save part 'xl/sharedStrings.xml'
23:08:28.350 [main] DEBUG - Save part 'xl/styles.xml'
23:08:28.351 [main] DEBUG - Save part 'xl/theme/theme1.xml'
23:08:28.353 [main] DEBUG - Save part 'xl/workbook.xml'
23:08:28.355 [main] DEBUG - Save part 'xl/worksheets/sheet1.xml'
23:08:28.432 [main] DEBUG - Parsing relationship: /xl/_rels/workbook.xml.rels
23:08:28.433 [main] DEBUG - Parsing relationship: /_rels/.rels
23:08:28.470 [main] DEBUG - Save content types part
23:08:28.474 [main] DEBUG - Save package relationships
23:08:28.476 [main] DEBUG - Save part 'docProps/app.xml'
23:08:28.477 [main] DEBUG - Save part 'docProps/core.xml'
23:08:28.480 [main] DEBUG - Save part 'xl/sharedStrings.xml'
23:08:28.481 [main] DEBUG - Save part 'xl/styles.xml'
23:08:28.481 [main] DEBUG - Save part 'xl/theme/theme1.xml'
23:08:28.482 [main] DEBUG - Save part 'xl/workbook.xml'
23:08:28.485 [main] DEBUG - Save part 'xl/worksheets/sheet1.xml'
23:08:28.497 [main] DEBUG - Parsing relationship: /xl/_rels/workbook.xml.rels
23:08:28.499 [main] DEBUG - Parsing relationship: /_rels/.rels
23:08:28.534 [main] DEBUG - Save content types part
23:08:28.537 [main] DEBUG - Save package relationships
23:08:28.540 [main] DEBUG - Save part 'docProps/app.xml'
23:08:28.540 [main] DEBUG - Save part 'docProps/core.xml'
23:08:28.543 [main] DEBUG - Save part 'xl/sharedStrings.xml'
23:08:28.544 [main] DEBUG - Save part 'xl/styles.xml'
23:08:28.545 [main] DEBUG - Save part 'xl/theme/theme1.xml'
23:08:28.545 [main] DEBUG - Save part 'xl/workbook.xml'
23:08:28.548 [main] DEBUG - Save part 'xl/worksheets/sheet1.xml'
23:08:28.631 [main] DEBUG - Parsing relationship: /xl/_rels/workbook.xml.rels
23:08:28.633 [main] DEBUG - Parsing relationship: /_rels/.rels
23:08:28.665 [main] DEBUG - Save content types part
23:08:28.668 [main] DEBUG - Save package relationships
23:08:28.671 [main] DEBUG - Save part 'docProps/app.xml'
23:08:28.672 [main] DEBUG - Save part 'docProps/core.xml'
23:08:28.676 [main] DEBUG - Save part 'xl/sharedStrings.xml'
23:08:28.677 [main] DEBUG - Save part 'xl/styles.xml'
23:08:28.677 [main] DEBUG - Save part 'xl/theme/theme1.xml'
23:08:28.678 [main] DEBUG - Save part 'xl/workbook.xml'
23:08:28.682 [main] DEBUG - Save part 'xl/worksheets/sheet1.xml'
23:08:28.717 [main] DEBUG - Parsing relationship: /xl/_rels/workbook.xml.rels
23:08:28.719 [main] DEBUG - Parsing relationship: /_rels/.rels
23:08:28.764 [main] DEBUG - Save content types part
23:08:28.767 [main] DEBUG - Save package relationships
23:08:28.770 [main] DEBUG - Save part 'docProps/app.xml'
23:08:28.771 [main] DEBUG - Save part 'docProps/core.xml'
23:08:28.775 [main] DEBUG - Save part 'xl/sharedStrings.xml'
23:08:28.776 [main] DEBUG - Save part 'xl/styles.xml'
23:08:28.776 [main] DEBUG - Save part 'xl/theme/theme1.xml'
23:08:28.778 [main] DEBUG - Save part 'xl/workbook.xml'
23:08:28.780 [main] DEBUG - Save part 'xl/worksheets/sheet1.xml'
23:08:35.536 [main] INFO  - *************Navigated to the surgery list package by clicking on the surgeries link***********
23:08:36.751 [main] INFO  - Storing all surgeries in a list
23:08:36.880 [main] DEBUG - Parsing relationship: /xl/_rels/workbook.xml.rels
23:08:36.881 [main] DEBUG - Parsing relationship: /_rels/.rels
23:08:36.910 [main] DEBUG - Save content types part
23:08:36.913 [main] DEBUG - Save package relationships
23:08:36.916 [main] DEBUG - Save part 'docProps/app.xml'
23:08:36.917 [main] DEBUG - Save part 'docProps/core.xml'
23:08:36.918 [main] DEBUG - Save part 'xl/sharedStrings.xml'
23:08:36.918 [main] DEBUG - Save part 'xl/styles.xml'
23:08:36.918 [main] DEBUG - Save part 'xl/theme/theme1.xml'
23:08:36.919 [main] DEBUG - Save part 'xl/workbook.xml'
23:08:36.920 [main] DEBUG - Save part 'xl/worksheets/sheet1.xml'
23:08:36.925 [main] DEBUG - Parsing relationship: /xl/_rels/workbook.xml.rels
23:08:36.926 [main] DEBUG - Parsing relationship: /_rels/.rels
23:08:36.964 [main] DEBUG - Save content types part
23:08:36.965 [main] DEBUG - Save package relationships
23:08:36.966 [main] DEBUG - Save part 'docProps/app.xml'
23:08:36.967 [main] DEBUG - Save part 'docProps/core.xml'
23:08:36.968 [main] DEBUG - Save part 'xl/sharedStrings.xml'
23:08:36.968 [main] DEBUG - Save part 'xl/styles.xml'
23:08:36.968 [main] DEBUG - Save part 'xl/theme/theme1.xml'
23:08:36.969 [main] DEBUG - Save part 'xl/workbook.xml'
23:08:36.970 [main] DEBUG - Save part 'xl/worksheets/sheet1.xml'
23:08:37.026 [main] DEBUG - Parsing relationship: /xl/_rels/workbook.xml.rels
23:08:37.027 [main] DEBUG - Parsing relationship: /_rels/.rels
23:08:37.044 [main] DEBUG - Save content types part
23:08:37.046 [main] DEBUG - Save package relationships
23:08:37.047 [main] DEBUG - Save part 'docProps/app.xml'
23:08:37.047 [main] DEBUG - Save part 'docProps/core.xml'
23:08:37.049 [main] DEBUG - Save part 'xl/sharedStrings.xml'
23:08:37.049 [main] DEBUG - Save part 'xl/styles.xml'
23:08:37.049 [main] DEBUG - Save part 'xl/theme/theme1.xml'
23:08:37.050 [main] DEBUG - Save part 'xl/workbook.xml'
23:08:37.051 [main] DEBUG - Save part 'xl/worksheets/sheet1.xml'
23:08:37.058 [main] DEBUG - Parsing relationship: /xl/_rels/workbook.xml.rels
23:08:37.059 [main] DEBUG - Parsing relationship: /_rels/.rels
23:08:37.082 [main] DEBUG - Save content types part
23:08:37.084 [main] DEBUG - Save package relationships
23:08:37.086 [main] DEBUG - Save part 'docProps/app.xml'
23:08:37.086 [main] DEBUG - Save part 'docProps/core.xml'
23:08:37.088 [main] DEBUG - Save part 'xl/sharedStrings.xml'
23:08:37.088 [main] DEBUG - Save part 'xl/styles.xml'
23:08:37.089 [main] DEBUG - Save part 'xl/theme/theme1.xml'
23:08:37.089 [main] DEBUG - Save part 'xl/workbook.xml'
23:08:37.091 [main] DEBUG - Save part 'xl/worksheets/sheet1.xml'
23:08:37.151 [main] DEBUG - Parsing relationship: /xl/_rels/workbook.xml.rels
23:08:37.151 [main] DEBUG - Parsing relationship: /_rels/.rels
23:08:37.171 [main] DEBUG - Save content types part
23:08:37.172 [main] DEBUG - Save package relationships
23:08:37.174 [main] DEBUG - Save part 'docProps/app.xml'
23:08:37.174 [main] DEBUG - Save part 'docProps/core.xml'
23:08:37.176 [main] DEBUG - Save part 'xl/sharedStrings.xml'
23:08:37.176 [main] DEBUG - Save part 'xl/styles.xml'
23:08:37.177 [main] DEBUG - Save part 'xl/theme/theme1.xml'
23:08:37.177 [main] DEBUG - Save part 'xl/workbook.xml'
23:08:37.179 [main] DEBUG - Save part 'xl/worksheets/sheet1.xml'
23:08:37.186 [main] DEBUG - Parsing relationship: /xl/_rels/workbook.xml.rels
23:08:37.187 [main] DEBUG - Parsing relationship: /_rels/.rels
23:08:37.204 [main] DEBUG - Save content types part
23:08:37.205 [main] DEBUG - Save package relationships
23:08:37.207 [main] DEBUG - Save part 'docProps/app.xml'
23:08:37.207 [main] DEBUG - Save part 'docProps/core.xml'
23:08:37.209 [main] DEBUG - Save part 'xl/sharedStrings.xml'
23:08:37.209 [main] DEBUG - Save part 'xl/styles.xml'
23:08:37.209 [main] DEBUG - Save part 'xl/theme/theme1.xml'
23:08:37.210 [main] DEBUG - Save part 'xl/workbook.xml'
23:08:37.212 [main] DEBUG - Save part 'xl/worksheets/sheet1.xml'
23:08:37.267 [main] DEBUG - Parsing relationship: /xl/_rels/workbook.xml.rels
23:08:37.267 [main] DEBUG - Parsing relationship: /_rels/.rels
23:08:37.286 [main] DEBUG - Save content types part
23:08:37.288 [main] DEBUG - Save package relationships
23:08:37.289 [main] DEBUG - Save part 'docProps/app.xml'
23:08:37.290 [main] DEBUG - Save part 'docProps/core.xml'
23:08:37.291 [main] DEBUG - Save part 'xl/sharedStrings.xml'
23:08:37.292 [main] DEBUG - Save part 'xl/styles.xml'
23:08:37.292 [main] DEBUG - Save part 'xl/theme/theme1.xml'
23:08:37.292 [main] DEBUG - Save part 'xl/workbook.xml'
23:08:37.293 [main] DEBUG - Save part 'xl/worksheets/sheet1.xml'
23:08:37.298 [main] DEBUG - Parsing relationship: /xl/_rels/workbook.xml.rels
23:08:37.299 [main] DEBUG - Parsing relationship: /_rels/.rels
23:08:37.321 [main] DEBUG - Save content types part
23:08:37.323 [main] DEBUG - Save package relationships
23:08:37.326 [main] DEBUG - Save part 'docProps/app.xml'
23:08:37.326 [main] DEBUG - Save part 'docProps/core.xml'
23:08:37.327 [main] DEBUG - Save part 'xl/sharedStrings.xml'
23:08:37.328 [main] DEBUG - Save part 'xl/styles.xml'
23:08:37.328 [main] DEBUG - Save part 'xl/theme/theme1.xml'
23:08:37.328 [main] DEBUG - Save part 'xl/workbook.xml'
23:08:37.330 [main] DEBUG - Save part 'xl/worksheets/sheet1.xml'
23:08:37.388 [main] DEBUG - Parsing relationship: /xl/_rels/workbook.xml.rels
23:08:37.389 [main] DEBUG - Parsing relationship: /_rels/.rels
23:08:37.407 [main] DEBUG - Save content types part
23:08:37.409 [main] DEBUG - Save package relationships
23:08:37.411 [main] DEBUG - Save part 'docProps/app.xml'
23:08:37.411 [main] DEBUG - Save part 'docProps/core.xml'
23:08:37.414 [main] DEBUG - Save part 'xl/sharedStrings.xml'
23:08:37.414 [main] DEBUG - Save part 'xl/styles.xml'
23:08:37.415 [main] DEBUG - Save part 'xl/theme/theme1.xml'
23:08:37.415 [main] DEBUG - Save part 'xl/workbook.xml'
23:08:37.418 [main] DEBUG - Save part 'xl/worksheets/sheet1.xml'
23:08:37.424 [main] DEBUG - Parsing relationship: /xl/_rels/workbook.xml.rels
23:08:37.425 [main] DEBUG - Parsing relationship: /_rels/.rels
23:08:37.442 [main] DEBUG - Save content types part
23:08:37.444 [main] DEBUG - Save package relationships
23:08:37.445 [main] DEBUG - Save part 'docProps/app.xml'
23:08:37.446 [main] DEBUG - Save part 'docProps/core.xml'
23:08:37.448 [main] DEBUG - Save part 'xl/sharedStrings.xml'
23:08:37.449 [main] DEBUG - Save part 'xl/styles.xml'
23:08:37.449 [main] DEBUG - Save part 'xl/theme/theme1.xml'
23:08:37.450 [main] DEBUG - Save part 'xl/workbook.xml'
23:08:37.452 [main] DEBUG - Save part 'xl/worksheets/sheet1.xml'
23:08:37.506 [main] DEBUG - Parsing relationship: /xl/_rels/workbook.xml.rels
23:08:37.506 [main] DEBUG - Parsing relationship: /_rels/.rels
23:08:37.524 [main] DEBUG - Save content types part
23:08:37.527 [main] DEBUG - Save package relationships
23:08:37.528 [main] DEBUG - Save part 'docProps/app.xml'
23:08:37.528 [main] DEBUG - Save part 'docProps/core.xml'
23:08:37.530 [main] DEBUG - Save part 'xl/sharedStrings.xml'
23:08:37.531 [main] DEBUG - Save part 'xl/styles.xml'
23:08:37.531 [main] DEBUG - Save part 'xl/theme/theme1.xml'
23:08:37.531 [main] DEBUG - Save part 'xl/workbook.xml'
23:08:37.533 [main] DEBUG - Save part 'xl/worksheets/sheet1.xml'
23:08:37.538 [main] DEBUG - Parsing relationship: /xl/_rels/workbook.xml.rels
23:08:37.539 [main] DEBUG - Parsing relationship: /_rels/.rels
23:08:37.558 [main] DEBUG - Save content types part
23:08:37.559 [main] DEBUG - Save package relationships
23:08:37.560 [main] DEBUG - Save part 'docProps/app.xml'
23:08:37.560 [main] DEBUG - Save part 'docProps/core.xml'
23:08:37.562 [main] DEBUG - Save part 'xl/sharedStrings.xml'
23:08:37.562 [main] DEBUG - Save part 'xl/styles.xml'
23:08:37.562 [main] DEBUG - Save part 'xl/theme/theme1.xml'
23:08:37.563 [main] DEBUG - Save part 'xl/workbook.xml'
23:08:37.564 [main] DEBUG - Save part 'xl/worksheets/sheet1.xml'
23:08:37.624 [main] DEBUG - Parsing relationship: /xl/_rels/workbook.xml.rels
23:08:37.625 [main] DEBUG - Parsing relationship: /_rels/.rels
23:08:37.643 [main] DEBUG - Save content types part
23:08:37.645 [main] DEBUG - Save package relationships
23:08:37.646 [main] DEBUG - Save part 'docProps/app.xml'
23:08:37.646 [main] DEBUG - Save part 'docProps/core.xml'
23:08:37.648 [main] DEBUG - Save part 'xl/sharedStrings.xml'
23:08:37.648 [main] DEBUG - Save part 'xl/styles.xml'
23:08:37.648 [main] DEBUG - Save part 'xl/theme/theme1.xml'
23:08:37.649 [main] DEBUG - Save part 'xl/workbook.xml'
23:08:37.650 [main] DEBUG - Save part 'xl/worksheets/sheet1.xml'
23:08:37.655 [main] DEBUG - Parsing relationship: /xl/_rels/workbook.xml.rels
23:08:37.656 [main] DEBUG - Parsing relationship: /_rels/.rels
23:08:37.670 [main] DEBUG - Save content types part
23:08:37.672 [main] DEBUG - Save package relationships
23:08:37.673 [main] DEBUG - Save part 'docProps/app.xml'
23:08:37.674 [main] DEBUG - Save part 'docProps/core.xml'
23:08:37.676 [main] DEBUG - Save part 'xl/sharedStrings.xml'
23:08:37.677 [main] DEBUG - Save part 'xl/styles.xml'
23:08:37.677 [main] DEBUG - Save part 'xl/theme/theme1.xml'
23:08:37.677 [main] DEBUG - Save part 'xl/workbook.xml'
23:08:37.679 [main] DEBUG - Save part 'xl/worksheets/sheet1.xml'
23:08:37.738 [main] DEBUG - Parsing relationship: /xl/_rels/workbook.xml.rels
23:08:37.738 [main] DEBUG - Parsing relationship: /_rels/.rels
23:08:37.755 [main] DEBUG - Save content types part
23:08:37.757 [main] DEBUG - Save package relationships
23:08:37.758 [main] DEBUG - Save part 'docProps/app.xml'
23:08:37.758 [main] DEBUG - Save part 'docProps/core.xml'
23:08:37.760 [main] DEBUG - Save part 'xl/sharedStrings.xml'
23:08:37.761 [main] DEBUG - Save part 'xl/styles.xml'
23:08:37.761 [main] DEBUG - Save part 'xl/theme/theme1.xml'
23:08:37.761 [main] DEBUG - Save part 'xl/workbook.xml'
23:08:37.763 [main] DEBUG - Save part 'xl/worksheets/sheet1.xml'
23:08:37.768 [main] DEBUG - Parsing relationship: /xl/_rels/workbook.xml.rels
23:08:37.769 [main] DEBUG - Parsing relationship: /_rels/.rels
23:08:37.788 [main] DEBUG - Save content types part
23:08:37.790 [main] DEBUG - Save package relationships
23:08:37.791 [main] DEBUG - Save part 'docProps/app.xml'
23:08:37.792 [main] DEBUG - Save part 'docProps/core.xml'
23:08:37.793 [main] DEBUG - Save part 'xl/sharedStrings.xml'
23:08:37.793 [main] DEBUG - Save part 'xl/styles.xml'
23:08:37.793 [main] DEBUG - Save part 'xl/theme/theme1.xml'
23:08:37.794 [main] DEBUG - Save part 'xl/workbook.xml'
23:08:37.795 [main] DEBUG - Save part 'xl/worksheets/sheet1.xml'
23:08:37.840 [main] DEBUG - Parsing relationship: /xl/_rels/workbook.xml.rels
23:08:37.840 [main] DEBUG - Parsing relationship: /_rels/.rels
23:08:37.855 [main] DEBUG - Save content types part
23:08:37.856 [main] DEBUG - Save package relationships
23:08:37.857 [main] DEBUG - Save part 'docProps/app.xml'
23:08:37.857 [main] DEBUG - Save part 'docProps/core.xml'
23:08:37.858 [main] DEBUG - Save part 'xl/sharedStrings.xml'
23:08:37.859 [main] DEBUG - Save part 'xl/styles.xml'
23:08:37.859 [main] DEBUG - Save part 'xl/theme/theme1.xml'
23:08:37.859 [main] DEBUG - Save part 'xl/workbook.xml'
23:08:37.860 [main] DEBUG - Save part 'xl/worksheets/sheet1.xml'
23:08:37.864 [main] DEBUG - Parsing relationship: /xl/_rels/workbook.xml.rels
23:08:37.865 [main] DEBUG - Parsing relationship: /_rels/.rels
23:08:37.880 [main] DEBUG - Save content types part
23:08:37.881 [main] DEBUG - Save package relationships
23:08:37.882 [main] DEBUG - Save part 'docProps/app.xml'
23:08:37.883 [main] DEBUG - Save part 'docProps/core.xml'
23:08:37.884 [main] DEBUG - Save part 'xl/sharedStrings.xml'
23:08:37.884 [main] DEBUG - Save part 'xl/styles.xml'
23:08:37.884 [main] DEBUG - Save part 'xl/theme/theme1.xml'
23:08:37.885 [main] DEBUG - Save part 'xl/workbook.xml'
23:08:37.886 [main] DEBUG - Save part 'xl/worksheets/sheet1.xml'
23:08:37.931 [main] DEBUG - Parsing relationship: /xl/_rels/workbook.xml.rels
23:08:37.932 [main] DEBUG - Parsing relationship: /_rels/.rels
23:08:37.945 [main] DEBUG - Save content types part
23:08:37.946 [main] DEBUG - Save package relationships
23:08:37.947 [main] DEBUG - Save part 'docProps/app.xml'
23:08:37.948 [main] DEBUG - Save part 'docProps/core.xml'
23:08:37.949 [main] DEBUG - Save part 'xl/sharedStrings.xml'
23:08:37.950 [main] DEBUG - Save part 'xl/styles.xml'
23:08:37.950 [main] DEBUG - Save part 'xl/theme/theme1.xml'
23:08:37.970 [main] DEBUG - Save part 'xl/workbook.xml'
23:08:37.972 [main] DEBUG - Save part 'xl/worksheets/sheet1.xml'
23:08:37.977 [main] DEBUG - Parsing relationship: /xl/_rels/workbook.xml.rels
23:08:37.978 [main] DEBUG - Parsing relationship: /_rels/.rels
23:08:37.993 [main] DEBUG - Save content types part
23:08:37.994 [main] DEBUG - Save package relationships
23:08:37.995 [main] DEBUG - Save part 'docProps/app.xml'
23:08:37.995 [main] DEBUG - Save part 'docProps/core.xml'
23:08:37.997 [main] DEBUG - Save part 'xl/sharedStrings.xml'
23:08:37.998 [main] DEBUG - Save part 'xl/styles.xml'
23:08:37.998 [main] DEBUG - Save part 'xl/theme/theme1.xml'
23:08:37.998 [main] DEBUG - Save part 'xl/workbook.xml'
23:08:38.000 [main] DEBUG - Save part 'xl/worksheets/sheet1.xml'
23:08:38.056 [main] DEBUG - Parsing relationship: /xl/_rels/workbook.xml.rels
23:08:38.057 [main] DEBUG - Parsing relationship: /_rels/.rels
23:08:38.070 [main] DEBUG - Save content types part
23:08:38.072 [main] DEBUG - Save package relationships
23:08:38.073 [main] DEBUG - Save part 'docProps/app.xml'
23:08:38.073 [main] DEBUG - Save part 'docProps/core.xml'
23:08:38.075 [main] DEBUG - Save part 'xl/sharedStrings.xml'
23:08:38.075 [main] DEBUG - Save part 'xl/styles.xml'
23:08:38.075 [main] DEBUG - Save part 'xl/theme/theme1.xml'
23:08:38.076 [main] DEBUG - Save part 'xl/workbook.xml'
23:08:38.077 [main] DEBUG - Save part 'xl/worksheets/sheet1.xml'
23:08:38.082 [main] DEBUG - Parsing relationship: /xl/_rels/workbook.xml.rels
23:08:38.083 [main] DEBUG - Parsing relationship: /_rels/.rels
23:08:38.099 [main] DEBUG - Save content types part
23:08:38.101 [main] DEBUG - Save package relationships
23:08:38.102 [main] DEBUG - Save part 'docProps/app.xml'
23:08:38.102 [main] DEBUG - Save part 'docProps/core.xml'
23:08:38.103 [main] DEBUG - Save part 'xl/sharedStrings.xml'
23:08:38.104 [main] DEBUG - Save part 'xl/styles.xml'
23:08:38.104 [main] DEBUG - Save part 'xl/theme/theme1.xml'
23:08:38.104 [main] DEBUG - Save part 'xl/workbook.xml'
23:08:38.106 [main] DEBUG - Save part 'xl/worksheets/sheet1.xml'
23:08:38.168 [main] DEBUG - Parsing relationship: /xl/_rels/workbook.xml.rels
23:08:38.169 [main] DEBUG - Parsing relationship: /_rels/.rels
23:08:38.187 [main] DEBUG - Save content types part
23:08:38.189 [main] DEBUG - Save package relationships
23:08:38.191 [main] DEBUG - Save part 'docProps/app.xml'
23:08:38.191 [main] DEBUG - Save part 'docProps/core.xml'
23:08:38.193 [main] DEBUG - Save part 'xl/sharedStrings.xml'
23:08:38.193 [main] DEBUG - Save part 'xl/styles.xml'
23:08:38.193 [main] DEBUG - Save part 'xl/theme/theme1.xml'
23:08:38.194 [main] DEBUG - Save part 'xl/workbook.xml'
23:08:38.195 [main] DEBUG - Save part 'xl/worksheets/sheet1.xml'
23:08:38.201 [main] DEBUG - Parsing relationship: /xl/_rels/workbook.xml.rels
23:08:38.201 [main] DEBUG - Parsing relationship: /_rels/.rels
23:08:38.221 [main] DEBUG - Save content types part
23:08:38.223 [main] DEBUG - Save package relationships
23:08:38.224 [main] DEBUG - Save part 'docProps/app.xml'
23:08:38.224 [main] DEBUG - Save part 'docProps/core.xml'
23:08:38.225 [main] DEBUG - Save part 'xl/sharedStrings.xml'
23:08:38.226 [main] DEBUG - Save part 'xl/styles.xml'
23:08:38.226 [main] DEBUG - Save part 'xl/theme/theme1.xml'
23:08:38.226 [main] DEBUG - Save part 'xl/workbook.xml'
23:08:38.227 [main] DEBUG - Save part 'xl/worksheets/sheet1.xml'
23:08:38.281 [main] DEBUG - Parsing relationship: /xl/_rels/workbook.xml.rels
23:08:38.282 [main] DEBUG - Parsing relationship: /_rels/.rels
23:08:38.295 [main] DEBUG - Save content types part
23:08:38.297 [main] DEBUG - Save package relationships
23:08:38.297 [main] DEBUG - Save part 'docProps/app.xml'
23:08:38.298 [main] DEBUG - Save part 'docProps/core.xml'
23:08:38.299 [main] DEBUG - Save part 'xl/sharedStrings.xml'
23:08:38.299 [main] DEBUG - Save part 'xl/styles.xml'
23:08:38.299 [main] DEBUG - Save part 'xl/theme/theme1.xml'
23:08:38.300 [main] DEBUG - Save part 'xl/workbook.xml'
23:08:38.301 [main] DEBUG - Save part 'xl/worksheets/sheet1.xml'
23:08:38.305 [main] DEBUG - Parsing relationship: /xl/_rels/workbook.xml.rels
23:08:38.305 [main] DEBUG - Parsing relationship: /_rels/.rels
23:08:38.321 [main] DEBUG - Save content types part
23:08:38.322 [main] DEBUG - Save package relationships
23:08:38.323 [main] DEBUG - Save part 'docProps/app.xml'
23:08:38.323 [main] DEBUG - Save part 'docProps/core.xml'
23:08:38.324 [main] DEBUG - Save part 'xl/sharedStrings.xml'
23:08:38.325 [main] DEBUG - Save part 'xl/styles.xml'
23:08:38.325 [main] DEBUG - Save part 'xl/theme/theme1.xml'
23:08:38.325 [main] DEBUG - Save part 'xl/workbook.xml'
23:08:38.326 [main] DEBUG - Save part 'xl/worksheets/sheet1.xml'
23:08:38.372 [main] DEBUG - Parsing relationship: /xl/_rels/workbook.xml.rels
23:08:38.373 [main] DEBUG - Parsing relationship: /_rels/.rels
23:08:38.390 [main] DEBUG - Save content types part
23:08:38.392 [main] DEBUG - Save package relationships
23:08:38.393 [main] DEBUG - Save part 'docProps/app.xml'
23:08:38.393 [main] DEBUG - Save part 'docProps/core.xml'
23:08:38.394 [main] DEBUG - Save part 'xl/sharedStrings.xml'
23:08:38.394 [main] DEBUG - Save part 'xl/styles.xml'
23:08:38.395 [main] DEBUG - Save part 'xl/theme/theme1.xml'
23:08:38.395 [main] DEBUG - Save part 'xl/workbook.xml'
23:08:38.396 [main] DEBUG - Save part 'xl/worksheets/sheet1.xml'
23:08:38.400 [main] DEBUG - Parsing relationship: /xl/_rels/workbook.xml.rels
23:08:38.401 [main] DEBUG - Parsing relationship: /_rels/.rels
23:08:38.418 [main] DEBUG - Save content types part
23:08:38.419 [main] DEBUG - Save package relationships
23:08:38.420 [main] DEBUG - Save part 'docProps/app.xml'
23:08:38.420 [main] DEBUG - Save part 'docProps/core.xml'
23:08:38.421 [main] DEBUG - Save part 'xl/sharedStrings.xml'
23:08:38.422 [main] DEBUG - Save part 'xl/styles.xml'
23:08:38.422 [main] DEBUG - Save part 'xl/theme/theme1.xml'
23:08:38.423 [main] DEBUG - Save part 'xl/workbook.xml'
23:08:38.425 [main] DEBUG - Save part 'xl/worksheets/sheet1.xml'
23:08:38.480 [main] DEBUG - Parsing relationship: /xl/_rels/workbook.xml.rels
23:08:38.481 [main] DEBUG - Parsing relationship: /_rels/.rels
23:08:38.496 [main] DEBUG - Save content types part
23:08:38.497 [main] DEBUG - Save package relationships
23:08:38.498 [main] DEBUG - Save part 'docProps/app.xml'
23:08:38.499 [main] DEBUG - Save part 'docProps/core.xml'
23:08:38.500 [main] DEBUG - Save part 'xl/sharedStrings.xml'
23:08:38.500 [main] DEBUG - Save part 'xl/styles.xml'
23:08:38.500 [main] DEBUG - Save part 'xl/theme/theme1.xml'
23:08:38.500 [main] DEBUG - Save part 'xl/workbook.xml'
23:08:38.502 [main] DEBUG - Save part 'xl/worksheets/sheet1.xml'
23:08:38.507 [main] DEBUG - Parsing relationship: /xl/_rels/workbook.xml.rels
23:08:38.508 [main] DEBUG - Parsing relationship: /_rels/.rels
23:08:38.522 [main] DEBUG - Save content types part
23:08:38.523 [main] DEBUG - Save package relationships
23:08:38.524 [main] DEBUG - Save part 'docProps/app.xml'
23:08:38.524 [main] DEBUG - Save part 'docProps/core.xml'
23:08:38.525 [main] DEBUG - Save part 'xl/sharedStrings.xml'
23:08:38.526 [main] DEBUG - Save part 'xl/styles.xml'
23:08:38.526 [main] DEBUG - Save part 'xl/theme/theme1.xml'
23:08:38.526 [main] DEBUG - Save part 'xl/workbook.xml'
23:08:38.527 [main] DEBUG - Save part 'xl/worksheets/sheet1.xml'
23:08:38.580 [main] DEBUG - Parsing relationship: /xl/_rels/workbook.xml.rels
23:08:38.582 [main] DEBUG - Parsing relationship: /_rels/.rels
23:08:38.594 [main] DEBUG - Save content types part
23:08:38.595 [main] DEBUG - Save package relationships
23:08:38.596 [main] DEBUG - Save part 'docProps/app.xml'
23:08:38.597 [main] DEBUG - Save part 'docProps/core.xml'
23:08:38.597 [main] DEBUG - Save part 'xl/sharedStrings.xml'
23:08:38.598 [main] DEBUG - Save part 'xl/styles.xml'
23:08:38.598 [main] DEBUG - Save part 'xl/theme/theme1.xml'
23:08:38.598 [main] DEBUG - Save part 'xl/workbook.xml'
23:08:38.599 [main] DEBUG - Save part 'xl/worksheets/sheet1.xml'
23:08:38.603 [main] DEBUG - Parsing relationship: /xl/_rels/workbook.xml.rels
23:08:38.604 [main] DEBUG - Parsing relationship: /_rels/.rels
23:08:38.619 [main] DEBUG - Save content types part
23:08:38.620 [main] DEBUG - Save package relationships
23:08:38.621 [main] DEBUG - Save part 'docProps/app.xml'
23:08:38.621 [main] DEBUG - Save part 'docProps/core.xml'
23:08:38.622 [main] DEBUG - Save part 'xl/sharedStrings.xml'
23:08:38.622 [main] DEBUG - Save part 'xl/styles.xml'
23:08:38.623 [main] DEBUG - Save part 'xl/theme/theme1.xml'
23:08:38.623 [main] DEBUG - Save part 'xl/workbook.xml'
23:08:38.624 [main] DEBUG - Save part 'xl/worksheets/sheet1.xml'
23:08:38.668 [main] DEBUG - Parsing relationship: /xl/_rels/workbook.xml.rels
23:08:38.668 [main] DEBUG - Parsing relationship: /_rels/.rels
23:08:38.679 [main] DEBUG - Save content types part
23:08:38.681 [main] DEBUG - Save package relationships
23:08:38.682 [main] DEBUG - Save part 'docProps/app.xml'
23:08:38.682 [main] DEBUG - Save part 'docProps/core.xml'
23:08:38.683 [main] DEBUG - Save part 'xl/sharedStrings.xml'
23:08:38.683 [main] DEBUG - Save part 'xl/styles.xml'
23:08:38.683 [main] DEBUG - Save part 'xl/theme/theme1.xml'
23:08:38.684 [main] DEBUG - Save part 'xl/workbook.xml'
23:08:38.685 [main] DEBUG - Save part 'xl/worksheets/sheet1.xml'
23:08:38.688 [main] DEBUG - Parsing relationship: /xl/_rels/workbook.xml.rels
23:08:38.689 [main] DEBUG - Parsing relationship: /_rels/.rels
23:08:38.703 [main] DEBUG - Save content types part
23:08:38.704 [main] DEBUG - Save package relationships
23:08:38.705 [main] DEBUG - Save part 'docProps/app.xml'
23:08:38.705 [main] DEBUG - Save part 'docProps/core.xml'
23:08:38.706 [main] DEBUG - Save part 'xl/sharedStrings.xml'
23:08:38.706 [main] DEBUG - Save part 'xl/styles.xml'
23:08:38.706 [main] DEBUG - Save part 'xl/theme/theme1.xml'
23:08:38.707 [main] DEBUG - Save part 'xl/workbook.xml'
23:08:38.708 [main] DEBUG - Save part 'xl/worksheets/sheet1.xml'
23:08:38.749 [main] DEBUG - Parsing relationship: /xl/_rels/workbook.xml.rels
23:08:38.750 [main] DEBUG - Parsing relationship: /_rels/.rels
23:08:38.763 [main] DEBUG - Save content types part
23:08:38.765 [main] DEBUG - Save package relationships
23:08:38.766 [main] DEBUG - Save part 'docProps/app.xml'
23:08:38.766 [main] DEBUG - Save part 'docProps/core.xml'
23:08:38.767 [main] DEBUG - Save part 'xl/sharedStrings.xml'
23:08:38.767 [main] DEBUG - Save part 'xl/styles.xml'
23:08:38.767 [main] DEBUG - Save part 'xl/theme/theme1.xml'
23:08:38.768 [main] DEBUG - Save part 'xl/workbook.xml'
23:08:38.768 [main] DEBUG - Save part 'xl/worksheets/sheet1.xml'
23:08:38.772 [main] DEBUG - Parsing relationship: /xl/_rels/workbook.xml.rels
23:08:38.772 [main] DEBUG - Parsing relationship: /_rels/.rels
23:08:38.786 [main] DEBUG - Save content types part
23:08:38.787 [main] DEBUG - Save package relationships
23:08:38.789 [main] DEBUG - Save part 'docProps/app.xml'
23:08:38.789 [main] DEBUG - Save part 'docProps/core.xml'
23:08:38.790 [main] DEBUG - Save part 'xl/sharedStrings.xml'
23:08:38.790 [main] DEBUG - Save part 'xl/styles.xml'
23:08:38.790 [main] DEBUG - Save part 'xl/theme/theme1.xml'
23:08:38.791 [main] DEBUG - Save part 'xl/workbook.xml'
23:08:38.791 [main] DEBUG - Save part 'xl/worksheets/sheet1.xml'
23:08:38.831 [main] DEBUG - Parsing relationship: /xl/_rels/workbook.xml.rels
23:08:38.832 [main] DEBUG - Parsing relationship: /_rels/.rels
23:08:38.844 [main] DEBUG - Save content types part
23:08:38.845 [main] DEBUG - Save package relationships
23:08:38.847 [main] DEBUG - Save part 'docProps/app.xml'
23:08:38.847 [main] DEBUG - Save part 'docProps/core.xml'
23:08:38.849 [main] DEBUG - Save part 'xl/sharedStrings.xml'
23:08:38.849 [main] DEBUG - Save part 'xl/styles.xml'
23:08:38.849 [main] DEBUG - Save part 'xl/theme/theme1.xml'
23:08:38.850 [main] DEBUG - Save part 'xl/workbook.xml'
23:08:38.851 [main] DEBUG - Save part 'xl/worksheets/sheet1.xml'
23:08:38.856 [main] DEBUG - Parsing relationship: /xl/_rels/workbook.xml.rels
23:08:38.857 [main] DEBUG - Parsing relationship: /_rels/.rels
23:08:38.871 [main] DEBUG - Save content types part
23:08:38.872 [main] DEBUG - Save package relationships
23:08:38.873 [main] DEBUG - Save part 'docProps/app.xml'
23:08:38.873 [main] DEBUG - Save part 'docProps/core.xml'
23:08:38.874 [main] DEBUG - Save part 'xl/sharedStrings.xml'
23:08:38.875 [main] DEBUG - Save part 'xl/styles.xml'
23:08:38.875 [main] DEBUG - Save part 'xl/theme/theme1.xml'
